Log file open, 06/20/22 13:03:50
LogWindows: Failed to load 'aqProf.dll' (GetLastError=126)
LogWindows: File 'aqProf.dll' does not exist
LogWindows: Failed to load 'VtuneApi.dll' (GetLastError=126)
LogWindows: File 'VtuneApi.dll' does not exist
LogWindows: Failed to load 'VtuneApi32e.dll' (GetLastError=126)
LogWindows: File 'VtuneApi32e.dll' does not exist
LogConsoleResponse: Display: Failed to find resolution value strings in scalability ini. Falling back to default.
LogConsoleResponse: Display: Failed to find resolution value strings in scalability ini. Falling back to default.
LogInit: Display: Running engine for game: FrankenMechGame
LogPlatformFile: Not using cached read wrapper
LogTaskGraph: Started task graph with 5 named threads and 47 total threads with 3 sets of task threads.
LogStats: Stats thread started at 0.290983
LogICUInternationalization: ICU TimeZone Detection - Raw Offset: +10:00, Platform Override: ''
LogInit: Display: Loading text-based GConfig....
LogPluginManager: Mounting plugin MegascansPlugin
LogPluginManager: Mounting plugin MeshPainting
LogPluginManager: Mounting plugin XGEController
LogPluginManager: Mounting plugin Paper2D
LogPluginManager: Mounting plugin LightPropagationVolume
LogPluginManager: Mounting plugin LiveLink
LogPluginManager: Mounting plugin AISupport
LogPluginManager: Mounting plugin GameplayCameras
LogPluginManager: Mounting plugin EnvironmentQueryEditor
LogPluginManager: Mounting plugin OodleNetwork
LogPluginManager: Mounting plugin CameraShakePreviewer
LogPluginManager: Mounting plugin OodleData
LogPluginManager: Mounting plugin AssetManagerEditor
LogPluginManager: Mounting plugin CurveEditorTools
LogPluginManager: Mounting plugin CryptoKeys
LogPluginManager: Mounting plugin DataValidation
LogPluginManager: Mounting plugin FacialAnimation
LogPluginManager: Mounting plugin GeometryMode
LogPluginManager: Mounting plugin GameplayTagsEditor
LogPluginManager: Mounting plugin EditorScriptingUtilities
LogPluginManager: Mounting plugin MacGraphicsSwitching
LogPluginManager: Mounting plugin MaterialAnalyzer
LogPluginManager: Mounting plugin PluginBrowser
LogPluginManager: Mounting plugin MobileLauncherProfileWizard
LogPluginManager: Mounting plugin SpeedTreeImporter
LogPluginManager: Mounting plugin AlembicImporter
LogPluginManager: Mounting plugin DatasmithContent
LogPluginManager: Mounting plugin AutomationUtils
LogPluginManager: Mounting plugin VariantManagerContent
LogPluginManager: Mounting plugin BackChannel
LogPluginManager: Mounting plugin ChaosCloth
LogPluginManager: Mounting plugin ChaosClothEditor
LogPluginManager: Mounting plugin ChaosEditor
LogPluginManager: Mounting plugin ChaosNiagara
LogPluginManager: Mounting plugin ChaosSolverPlugin
LogPluginManager: Mounting plugin CharacterAI
LogPluginManager: Mounting plugin GeometryCache
LogPluginManager: Mounting plugin GeometryCollectionPlugin
LogPluginManager: Mounting plugin GeometryProcessing
LogPluginManager: Mounting plugin OpenImageDenoise
LogPluginManager: Mounting plugin MotoSynth
LogPluginManager: Mounting plugin PlanarCut
LogPluginManager: Mounting plugin PlatformCrypto
LogPluginManager: Mounting plugin ProxyLODPlugin
LogPluginManager: Mounting plugin PythonScriptPlugin
LogPluginManager: Mounting plugin Niagara
LogPluginManager: Mounting plugin AnimationSharing
LogPluginManager: Mounting plugin SkeletalReduction
LogPluginManager: Mounting plugin CLionSourceCodeAccess
LogPluginManager: Mounting plugin CodeLiteSourceCodeAccess
LogPluginManager: Mounting plugin KDevelopSourceCodeAccess
LogPluginManager: Mounting plugin GitSourceControl
LogPluginManager: Mounting plugin NullSourceCodeAccess
LogPluginManager: Mounting plugin PerforceSourceControl
LogPluginManager: Mounting plugin PlasticSourceControl
LogPluginManager: Mounting plugin PixWinPlugin
LogPluginManager: Mounting plugin PropertyAccessNode
LogPluginManager: Mounting plugin PluginUtils
LogPluginManager: Mounting plugin RiderSourceCodeAccess
LogPluginManager: Mounting plugin SubversionSourceControl
LogPluginManager: Mounting plugin TextureFormatOodle
LogPluginManager: Mounting plugin VisualStudioCodeSourceCodeAccess
LogPluginManager: Mounting plugin XCodeSourceCodeAccess
LogPluginManager: Mounting plugin LuminPlatformFeatures
LogPluginManager: Mounting plugin UObjectPlugin
LogPluginManager: Mounting plugin MagicLeap
LogPluginManager: Mounting plugin VisualStudioSourceCodeAccess
LogPluginManager: Mounting plugin MagicLeapLightEstimation
LogPluginManager: Mounting plugin MagicLeapPassableWorld
LogPluginManager: Mounting plugin MagicLeapMedia
LogPluginManager: Mounting plugin MLSDK
LogPluginManager: Mounting plugin AndroidMedia
LogPluginManager: Mounting plugin AvfMedia
LogPluginManager: Mounting plugin ImgMedia
LogPluginManager: Mounting plugin MediaCompositing
LogPluginManager: Mounting plugin TcpMessaging
LogPluginManager: Mounting plugin UdpMessaging
LogPluginManager: Mounting plugin ActorSequence
LogPluginManager: Mounting plugin MediaPlayerEditor
LogPluginManager: Mounting plugin WebMMedia
LogPluginManager: Mounting plugin LevelSequenceEditor
LogPluginManager: Mounting plugin WmfMedia
LogPluginManager: Mounting plugin LauncherChunkInstaller
LogPluginManager: Mounting plugin MatineeToLevelSequence
LogPluginManager: Mounting plugin TemplateSequence
LogPluginManager: Mounting plugin OnlineSubsystem
LogPluginManager: Mounting plugin ActorLayerUtilities
LogPluginManager: Mounting plugin OnlineSubsystemNull
LogPluginManager: Mounting plugin OnlineSubsystemUtils
LogPluginManager: Mounting plugin AndroidDeviceProfileSelector
LogPluginManager: Mounting plugin AndroidMoviePlayer
LogPluginManager: Mounting plugin AndroidPermission
LogPluginManager: Mounting plugin AppleImageUtils
LogPluginManager: Mounting plugin AppleMoviePlayer
LogPluginManager: Mounting plugin ArchVisCharacter
LogPluginManager: Mounting plugin AudioCapture
LogPluginManager: Mounting plugin AssetTags
LogPluginManager: Mounting plugin AudioSynesthesia
LogPluginManager: Mounting plugin ChunkDownloader
LogPluginManager: Mounting plugin CableComponent
LogPluginManager: Mounting plugin CustomMeshComponent
LogPluginManager: Mounting plugin EditableMesh
LogPluginManager: Mounting plugin ExampleDeviceProfileSelector
LogPluginManager: Mounting plugin GoogleCloudMessaging
LogPluginManager: Mounting plugin GooglePAD
LogPluginManager: Mounting plugin IOSDeviceProfileSelector
LogPluginManager: Mounting plugin LinuxDeviceProfileSelector
LogPluginManager: Mounting plugin LocationServicesBPLibrary
LogPluginManager: Mounting plugin MobilePatchingUtils
LogPluginManager: Mounting plugin OpenXR
LogPluginManager: Mounting plugin OpenXRHandTracking
LogPluginManager: Mounting plugin OpenXREyeTracker
LogPluginManager: Mounting plugin PhysXVehicles
LogPluginManager: Mounting plugin PostSplashScreen
LogPluginManager: Mounting plugin ProceduralMeshComponent
LogPluginManager: Mounting plugin PropertyAccessEditor
LogPluginManager: Mounting plugin ScreenshotTools
LogPluginManager: Mounting plugin SignificanceManager
LogPluginManager: Mounting plugin RuntimePhysXCooking
LogPluginManager: Mounting plugin SoundFields
LogPluginManager: Mounting plugin Synthesis
LogPluginManager: Mounting plugin WebMMoviePlayer
LogPluginManager: Mounting plugin WindowsMoviePlayer
LogPluginManager: Mounting plugin Takes
LogPluginManager: Mounting plugin ContentBrowserAssetDataSource
LogPluginManager: Mounting plugin ContentBrowserClassDataSource
LogPluginManager: Mounting plugin ContentBrowserFileDataSource
LogPluginManager: Mounting plugin OnlineSubsystemGooglePlay
LogPluginManager: Mounting plugin OnlineSubsystemIOS
LogPluginManager: Mounting plugin DatabaseSupport
LogPluginManager: Mounting plugin SQLiteCore
LogPluginManager: Mounting plugin SQLiteSupport
LogPluginManager: Mounting plugin OculusVR
LogPluginManager: Mounting plugin SteamVR
PixWinPlugin: PIX capture plugin failed to initialize! Check that the process is launched from PIX.
LogInit: Using libcurl 7.55.1-DEV
LogInit:  - built for x86_64-pc-win32
LogInit:  - supports SSL with OpenSSL/1.1.1
LogInit:  - supports HTTP deflate (compression) using libz 1.2.8
LogInit:  - other features:
LogInit:      CURL_VERSION_SSL
LogInit:      CURL_VERSION_LIBZ
LogInit:      CURL_VERSION_IPV6
LogInit:      CURL_VERSION_ASYNCHDNS
LogInit:      CURL_VERSION_LARGEFILE
LogInit:      CURL_VERSION_IDN
LogInit:  CurlRequestOptions (configurable via config and command line):
LogInit:  - bVerifyPeer = true  - Libcurl will verify peer certificate
LogInit:  - bUseHttpProxy = false  - Libcurl will NOT use HTTP proxy
LogInit:  - bDontReuseConnections = false  - Libcurl will reuse connections
LogInit:  - MaxHostConnections = 16  - Libcurl will limit the number of connections to a host
LogInit:  - LocalHostAddr = Default
LogInit:  - BufferSize = 65536
LogOnline: OSS: Creating online subsystem instance for: NULL
LogInit: WinSock: version 1.1 (2.2), MaxSocks=32767, MaxUdp=65467
LogOnline: OSS: TryLoadSubsystemAndSetDefault: Loaded subsystem for module [NULL]
LogOculusPluginWrapper: OculusPlugin initialized successfully
LogHMD: Failed initializing OVRPlugin 1.59.0
LogInit: Build: ++UE4+Release-4.27-CL-18319896
LogInit: Engine Version: 4.27.2-18319896+++UE4+Release-4.27
LogInit: Compatible Engine Version: 4.27.0-17155196+++UE4+Release-4.27
LogInit: Net CL: 17155196
LogInit: OS: Windows 10 (Release 2009) (), CPU: AMD Ryzen 5 1600 Six-Core Processor            , GPU: NVIDIA GeForce GTX 1080
LogInit: Compiled (64-bit): Nov 30 2021 07:12:08
LogInit: Compiled with Visual C++: 19.24.28315.00
LogInit: Build Configuration: Development
LogInit: Branch Name: ++UE4+Release-4.27
LogInit: Command Line:  -EpicPortal -epicusername=rotuma3189 -epicuserid=8d42ee9aa9324aa0891fca7d8924f4fa -epiclocale=en -epicsandboxid=ue
LogInit: Base Directory: E:/UE4/UE_4.27/Engine/Binaries/Win64/
LogInit: Allocator: TBB
LogInit: Installed Engine Build: 1
LogDevObjectVersion: Number of dev versions registered: 29
LogDevObjectVersion:   Dev-Blueprints (B0D832E4-1F89-4F0D-ACCF-7EB736FD4AA2): 10
LogDevObjectVersion:   Dev-Build (E1C64328-A22C-4D53-A36C-8E866417BD8C): 0
LogDevObjectVersion:   Dev-Core (375EC13C-06E4-48FB-B500-84F0262A717E): 4
LogDevObjectVersion:   Dev-Editor (E4B068ED-F494-42E9-A231-DA0B2E46BB41): 40
LogDevObjectVersion:   Dev-Framework (CFFC743F-43B0-4480-9391-14DF171D2073): 37
LogDevObjectVersion:   Dev-Mobile (B02B49B5-BB20-44E9-A304-32B752E40360): 3
LogDevObjectVersion:   Dev-Networking (A4E4105C-59A1-49B5-A7C5-40C4547EDFEE): 0
LogDevObjectVersion:   Dev-Online (39C831C9-5AE6-47DC-9A44-9C173E1C8E7C): 0
LogDevObjectVersion:   Dev-Physics (78F01B33-EBEA-4F98-B9B4-84EACCB95AA2): 14
LogDevObjectVersion:   Dev-Platform (6631380F-2D4D-43E0-8009-CF276956A95A): 0
LogDevObjectVersion:   Dev-Rendering (12F88B9F-8875-4AFC-A67C-D90C383ABD29): 45
LogDevObjectVersion:   Dev-Sequencer (7B5AE74C-D270-4C10-A958-57980B212A5A): 13
LogDevObjectVersion:   Dev-VR (D7296918-1DD6-4BDD-9DE2-64A83CC13884): 3
LogDevObjectVersion:   Dev-LoadTimes (C2A15278-BFE7-4AFE-6C17-90FF531DF755): 1
LogDevObjectVersion:   Private-Geometry (6EACA3D4-40EC-4CC1-B786-8BED09428FC5): 3
LogDevObjectVersion:   Dev-AnimPhys (29E575DD-E0A3-4627-9D10-D276232CDCEA): 17
LogDevObjectVersion:   Dev-Anim (AF43A65D-7FD3-4947-9873-3E8ED9C1BB05): 15
LogDevObjectVersion:   Dev-ReflectionCapture (6B266CEC-1EC7-4B8F-A30B-E4D90942FC07): 1
LogDevObjectVersion:   Dev-Automation (0DF73D61-A23F-47EA-B727-89E90C41499A): 1
LogDevObjectVersion:   FortniteMain (601D1886-AC64-4F84-AA16-D3DE0DEAC7D6): 47
LogDevObjectVersion:   FortniteRelease (E7086368-6B23-4C58-8439-1B7016265E91): 1
LogDevObjectVersion:   Dev-Enterprise (9DFFBCD6-494F-0158-E221-12823C92A888): 10
LogDevObjectVersion:   Dev-Niagara (F2AED0AC-9AFE-416F-8664-AA7FFA26D6FC): 1
LogDevObjectVersion:   Dev-Destruction (174F1F0B-B4C6-45A5-B13F-2EE8D0FB917D): 10
LogDevObjectVersion:   Dev-Physics-Ext (35F94A83-E258-406C-A318-09F59610247C): 41
LogDevObjectVersion:   Dev-PhysicsMaterial-Chaos (B68FC16E-8B1B-42E2-B453-215C058844FE): 1
LogDevObjectVersion:   Dev-CineCamera (B2E18506-4273-CFC2-A54E-F4BB758BBA07): 1
LogDevObjectVersion:   Dev-VirtualProduction (64F58936-FD1B-42BA-BA96-7289D5D0FA4E): 1
LogDevObjectVersion:   Dev-MediaFramework (6F0ED827-A609-4895-9C91-998D90180EA4): 2
LogInit: Presizing for max 25165824 objects, including 0 objects not considered by GC, pre-allocating 0 bytes for permanent pool.
LogConfig: Applying CVar settings from Section [/Script/Engine.StreamingSettings] File [E:/MarketingProject/FrankenMech/FrankenMechGame/Saved/Config/Windows/Engine.ini]
LogConfig: Setting CVar [[s.MinBulkDataSizeForAsyncLoading:131072]]
LogConfig: Setting CVar [[s.AsyncLoadingThreadEnabled:0]]
LogConfig: Setting CVar [[s.EventDrivenLoaderEnabled:1]]
LogConfig: Setting CVar [[s.WarnIfTimeLimitExceeded:0]]
LogConfig: Setting CVar [[s.TimeLimitExceededMultiplier:1.5]]
LogConfig: Setting CVar [[s.TimeLimitExceededMinTime:0.005]]
LogConfig: Setting CVar [[s.UseBackgroundLevelStreaming:1]]
LogConfig: Setting CVar [[s.PriorityAsyncLoadingExtraTime:15.0]]
LogConfig: Setting CVar [[s.LevelStreamingActorsUpdateTimeLimit:5.0]]
LogConfig: Setting CVar [[s.PriorityLevelStreamingActorsUpdateExtraTime:5.0]]
LogConfig: Setting CVar [[s.LevelStreamingComponentsRegistrationGranularity:10]]
LogConfig: Setting CVar [[s.UnregisterComponentsTimeLimit:1.0]]
LogConfig: Setting CVar [[s.LevelStreamingComponentsUnregistrationGranularity:5]]
LogConfig: Setting CVar [[s.FlushStreamingOnExit:1]]
LogInit: Object subsystem initialized
LogConfig: Setting CVar [[con.DebugEarlyDefault:1]]
LogConfig: Setting CVar [[r.setres:1280x720]]
[2022.06.20-03.03.50:868][  0]LogConfig: Setting CVar [[r.VSync:0]]
[2022.06.20-03.03.50:868][  0]LogConfig: Setting CVar [[r.RHICmdBypass:0]]
[2022.06.20-03.03.50:868][  0]LogConfig: Applying CVar settings from Section [/Script/Engine.RendererSettings] File [E:/MarketingProject/FrankenMech/FrankenMechGame/Saved/Config/Windows/Engine.ini]
[2022.06.20-03.03.50:868][  0]LogConfig: Setting CVar [[r.GPUCrashDebugging:0]]
[2022.06.20-03.03.50:868][  0]LogConfig: Applying CVar settings from Section [/Script/Engine.RendererOverrideSettings] File [E:/MarketingProject/FrankenMech/FrankenMechGame/Saved/Config/Windows/Engine.ini]
[2022.06.20-03.03.50:868][  0]LogConfig: Applying CVar settings from Section [/Script/Engine.StreamingSettings] File [E:/MarketingProject/FrankenMech/FrankenMechGame/Saved/Config/Windows/Engine.ini]
[2022.06.20-03.03.50:868][  0]LogConfig: Setting CVar [[s.MinBulkDataSizeForAsyncLoading:131072]]
[2022.06.20-03.03.50:868][  0]LogConfig: Setting CVar [[s.AsyncLoadingThreadEnabled:0]]
[2022.06.20-03.03.50:868][  0]LogConfig: Setting CVar [[s.EventDrivenLoaderEnabled:1]]
[2022.06.20-03.03.50:868][  0]LogConfig: Setting CVar [[s.WarnIfTimeLimitExceeded:0]]
[2022.06.20-03.03.50:868][  0]LogConfig: Setting CVar [[s.TimeLimitExceededMultiplier:1.5]]
[2022.06.20-03.03.50:868][  0]LogConfig: Setting CVar [[s.TimeLimitExceededMinTime:0.005]]
[2022.06.20-03.03.50:868][  0]LogConfig: Setting CVar [[s.UseBackgroundLevelStreaming:1]]
[2022.06.20-03.03.50:868][  0]LogConfig: Setting CVar [[s.PriorityAsyncLoadingExtraTime:15.0]]
[2022.06.20-03.03.50:868][  0]LogConfig: Setting CVar [[s.LevelStreamingActorsUpdateTimeLimit:5.0]]
[2022.06.20-03.03.50:868][  0]LogConfig: Setting CVar [[s.PriorityLevelStreamingActorsUpdateExtraTime:5.0]]
[2022.06.20-03.03.50:869][  0]LogConfig: Setting CVar [[s.LevelStreamingComponentsRegistrationGranularity:10]]
[2022.06.20-03.03.50:869][  0]LogConfig: Setting CVar [[s.UnregisterComponentsTimeLimit:1.0]]
[2022.06.20-03.03.50:869][  0]LogConfig: Setting CVar [[s.LevelStreamingComponentsUnregistrationGranularity:5]]
[2022.06.20-03.03.50:869][  0]LogConfig: Setting CVar [[s.FlushStreamingOnExit:1]]
[2022.06.20-03.03.50:869][  0]LogConfig: Applying CVar settings from Section [/Script/Engine.GarbageCollectionSettings] File [E:/MarketingProject/FrankenMech/FrankenMechGame/Saved/Config/Windows/Engine.ini]
[2022.06.20-03.03.50:869][  0]LogConfig: Setting CVar [[gc.MaxObjectsNotConsideredByGC:1]]
[2022.06.20-03.03.50:869][  0]LogConfig: Setting CVar [[gc.SizeOfPermanentObjectPool:0]]
[2022.06.20-03.03.50:869][  0]LogConfig: Setting CVar [[gc.FlushStreamingOnGC:0]]
[2022.06.20-03.03.50:869][  0]LogConfig: Setting CVar [[gc.NumRetriesBeforeForcingGC:10]]
[2022.06.20-03.03.50:869][  0]LogConfig: Setting CVar [[gc.AllowParallelGC:1]]
[2022.06.20-03.03.50:869][  0]LogConfig: Setting CVar [[gc.TimeBetweenPurgingPendingKillObjects:61.1]]
[2022.06.20-03.03.50:869][  0]LogConfig: Setting CVar [[gc.MaxObjectsInEditor:25165824]]
[2022.06.20-03.03.50:869][  0]LogConfig: Setting CVar [[gc.IncrementalBeginDestroyEnabled:1]]
[2022.06.20-03.03.50:869][  0]LogConfig: Setting CVar [[gc.CreateGCClusters:1]]
[2022.06.20-03.03.50:869][  0]LogConfig: Setting CVar [[gc.MinGCClusterSize:5]]
[2022.06.20-03.03.50:869][  0]LogConfig: Setting CVar [[gc.ActorClusteringEnabled:0]]
[2022.06.20-03.03.50:869][  0]LogConfig: Setting CVar [[gc.BlueprintClusteringEnabled:0]]
[2022.06.20-03.03.50:869][  0]LogConfig: Setting CVar [[gc.UseDisregardForGCOnDedicatedServers:0]]
[2022.06.20-03.03.50:869][  0]LogConfig: Setting CVar [[gc.MultithreadedDestructionEnabled:1]]
[2022.06.20-03.03.50:869][  0]LogConfig: Applying CVar settings from Section [/Script/Engine.NetworkSettings] File [E:/MarketingProject/FrankenMech/FrankenMechGame/Saved/Config/Windows/Engine.ini]
[2022.06.20-03.03.50:869][  0]LogConfig: Applying CVar settings from Section [/Script/UnrealEd.CookerSettings] File [E:/MarketingProject/FrankenMech/FrankenMechGame/Saved/Config/Windows/Engine.ini]
[2022.06.20-03.03.50:900][  0]LogConfig: Applying CVar settings from Section [ViewDistanceQuality@3] File [E:/MarketingProject/FrankenMech/FrankenMechGame/Saved/Config/Windows/Scalability.ini]
[2022.06.20-03.03.50:900][  0]LogConfig: Setting CVar [[r.SkeletalMeshLODBias:0]]
[2022.06.20-03.03.50:900][  0]LogConfig: Setting CVar [[r.ViewDistanceScale:1.0]]
[2022.06.20-03.03.50:900][  0]LogConfig: Applying CVar settings from Section [AntiAliasingQuality@3] File [E:/MarketingProject/FrankenMech/FrankenMechGame/Saved/Config/Windows/Scalability.ini]
[2022.06.20-03.03.50:900][  0]LogConfig: Setting CVar [[r.PostProcessAAQuality:4]]
[2022.06.20-03.03.50:900][  0]LogConfig: Applying CVar settings from Section [ShadowQuality@3] File [E:/MarketingProject/FrankenMech/FrankenMechGame/Saved/Config/Windows/Scalability.ini]
[2022.06.20-03.03.50:900][  0]LogConfig: Setting CVar [[r.LightFunctionQuality:1]]
[2022.06.20-03.03.50:900][  0]LogConfig: Setting CVar [[r.ShadowQuality:5]]
[2022.06.20-03.03.50:900][  0]LogConfig: Setting CVar [[r.Shadow.CSM.MaxCascades:10]]
[2022.06.20-03.03.50:901][  0]LogConfig: Setting CVar [[r.Shadow.MaxResolution:2048]]
[2022.06.20-03.03.50:901][  0]LogConfig: Setting CVar [[r.Shadow.MaxCSMResolution:2048]]
[2022.06.20-03.03.50:901][  0]LogConfig: Setting CVar [[r.Shadow.RadiusThreshold:0.01]]
[2022.06.20-03.03.50:901][  0]LogConfig: Setting CVar [[r.Shadow.DistanceScale:1.0]]
[2022.06.20-03.03.50:901][  0]LogConfig: Setting CVar [[r.Shadow.CSM.TransitionScale:1.0]]
[2022.06.20-03.03.50:901][  0]LogConfig: Setting CVar [[r.Shadow.PreShadowResolutionFactor:1.0]]
[2022.06.20-03.03.50:901][  0]LogConfig: Setting CVar [[r.DistanceFieldShadowing:1]]
[2022.06.20-03.03.50:901][  0]LogConfig: Setting CVar [[r.DistanceFieldAO:1]]
[2022.06.20-03.03.50:901][  0]LogConfig: Setting CVar [[r.AOQuality:2]]
[2022.06.20-03.03.50:901][  0]LogConfig: Setting CVar [[r.VolumetricFog:1]]
[2022.06.20-03.03.50:901][  0]LogConfig: Setting CVar [[r.VolumetricFog.GridPixelSize:8]]
[2022.06.20-03.03.50:901][  0]LogConfig: Setting CVar [[r.VolumetricFog.GridSizeZ:128]]
[2022.06.20-03.03.50:901][  0]LogConfig: Setting CVar [[r.VolumetricFog.HistoryMissSupersampleCount:4]]
[2022.06.20-03.03.50:901][  0]LogConfig: Setting CVar [[r.LightMaxDrawDistanceScale:1]]
[2022.06.20-03.03.50:901][  0]LogConfig: Setting CVar [[r.CapsuleShadows:1]]
[2022.06.20-03.03.50:901][  0]LogConfig: Applying CVar settings from Section [PostProcessQuality@3] File [E:/MarketingProject/FrankenMech/FrankenMechGame/Saved/Config/Windows/Scalability.ini]
[2022.06.20-03.03.50:901][  0]LogConfig: Setting CVar [[r.MotionBlurQuality:4]]
[2022.06.20-03.03.50:901][  0]LogConfig: Setting CVar [[r.AmbientOcclusionMipLevelFactor:0.4]]
[2022.06.20-03.03.50:901][  0]LogConfig: Setting CVar [[r.AmbientOcclusionMaxQuality:100]]
[2022.06.20-03.03.50:901][  0]LogConfig: Setting CVar [[r.AmbientOcclusionLevels:-1]]
[2022.06.20-03.03.50:901][  0]LogConfig: Setting CVar [[r.AmbientOcclusionRadiusScale:1.0]]
[2022.06.20-03.03.50:901][  0]LogConfig: Setting CVar [[r.DepthOfFieldQuality:2]]
[2022.06.20-03.03.50:901][  0]LogConfig: Setting CVar [[r.RenderTargetPoolMin:400]]
[2022.06.20-03.03.50:901][  0]LogConfig: Setting CVar [[r.LensFlareQuality:2]]
[2022.06.20-03.03.50:901][  0]LogConfig: Setting CVar [[r.SceneColorFringeQuality:1]]
[2022.06.20-03.03.50:901][  0]LogConfig: Setting CVar [[r.EyeAdaptationQuality:2]]
[2022.06.20-03.03.50:901][  0]LogConfig: Setting CVar [[r.BloomQuality:5]]
[2022.06.20-03.03.50:901][  0]LogConfig: Setting CVar [[r.FastBlurThreshold:100]]
[2022.06.20-03.03.50:901][  0]LogConfig: Setting CVar [[r.Upscale.Quality:3]]
[2022.06.20-03.03.50:901][  0]LogConfig: Setting CVar [[r.Tonemapper.GrainQuantization:1]]
[2022.06.20-03.03.50:901][  0]LogConfig: Setting CVar [[r.LightShaftQuality:1]]
[2022.06.20-03.03.50:901][  0]LogConfig: Setting CVar [[r.Filter.SizeScale:1]]
[2022.06.20-03.03.50:901][  0]LogConfig: Setting CVar [[r.Tonemapper.Quality:5]]
[2022.06.20-03.03.50:901][  0]LogConfig: Setting CVar [[r.DOF.Gather.AccumulatorQuality:1        ; higher gathering accumulator quality]]
[2022.06.20-03.03.50:901][  0]LogConfig: Setting CVar [[r.DOF.Gather.PostfilterMethod:1          ; Median3x3 postfilering method]]
[2022.06.20-03.03.50:901][  0]LogConfig: Setting CVar [[r.DOF.Gather.EnableBokehSettings:0       ; no bokeh simulation when gathering]]
[2022.06.20-03.03.50:901][  0]LogConfig: Setting CVar [[r.DOF.Gather.RingCount:4                 ; medium number of samples when gathering]]
[2022.06.20-03.03.50:901][  0]LogConfig: Setting CVar [[r.DOF.Scatter.ForegroundCompositing:1    ; additive foreground scattering]]
[2022.06.20-03.03.50:901][  0]LogConfig: Setting CVar [[r.DOF.Scatter.BackgroundCompositing:2    ; additive background scattering]]
[2022.06.20-03.03.50:901][  0]LogConfig: Setting CVar [[r.DOF.Scatter.EnableBokehSettings:1      ; bokeh simulation when scattering]]
[2022.06.20-03.03.50:901][  0]LogConfig: Setting CVar [[r.DOF.Scatter.MaxSpriteRatio:0.1         ; only a maximum of 10% of scattered bokeh]]
[2022.06.20-03.03.50:901][  0]LogConfig: Setting CVar [[r.DOF.Recombine.Quality:1                ; cheap slight out of focus]]
[2022.06.20-03.03.50:901][  0]LogConfig: Setting CVar [[r.DOF.Recombine.EnableBokehSettings:0    ; no bokeh simulation on slight out of focus]]
[2022.06.20-03.03.50:901][  0]LogConfig: Setting CVar [[r.DOF.TemporalAAQuality:1                ; more stable temporal accumulation]]
[2022.06.20-03.03.50:901][  0]LogConfig: Setting CVar [[r.DOF.Kernel.MaxForegroundRadius:0.025]]
[2022.06.20-03.03.50:901][  0]LogConfig: Setting CVar [[r.DOF.Kernel.MaxBackgroundRadius:0.025]]
[2022.06.20-03.03.50:901][  0]LogConfig: Applying CVar settings from Section [TextureQuality@3] File [E:/MarketingProject/FrankenMech/FrankenMechGame/Saved/Config/Windows/Scalability.ini]
[2022.06.20-03.03.50:901][  0]LogConfig: Setting CVar [[r.Streaming.MipBias:0]]
[2022.06.20-03.03.50:901][  0]LogConfig: Setting CVar [[r.Streaming.AmortizeCPUToGPUCopy:0]]
[2022.06.20-03.03.50:901][  0]LogConfig: Setting CVar [[r.Streaming.MaxNumTexturesToStreamPerFrame:0]]
[2022.06.20-03.03.50:901][  0]LogConfig: Setting CVar [[r.Streaming.Boost:1]]
[2022.06.20-03.03.50:901][  0]LogConfig: Setting CVar [[r.MaxAnisotropy:8]]
[2022.06.20-03.03.50:901][  0]LogConfig: Setting CVar [[r.VT.MaxAnisotropy:8]]
[2022.06.20-03.03.50:901][  0]LogConfig: Setting CVar [[r.Streaming.LimitPoolSizeToVRAM:0]]
[2022.06.20-03.03.50:901][  0]LogConfig: Setting CVar [[r.Streaming.PoolSize:1000]]
[2022.06.20-03.03.50:901][  0]LogConfig: Setting CVar [[r.Streaming.MaxEffectiveScreenSize:0]]
[2022.06.20-03.03.50:901][  0]LogConfig: Applying CVar settings from Section [EffectsQuality@3] File [E:/MarketingProject/FrankenMech/FrankenMechGame/Saved/Config/Windows/Scalability.ini]
[2022.06.20-03.03.50:901][  0]LogConfig: Setting CVar [[r.TranslucencyLightingVolumeDim:64]]
[2022.06.20-03.03.50:901][  0]LogConfig: Setting CVar [[r.RefractionQuality:2]]
[2022.06.20-03.03.50:901][  0]LogConfig: Setting CVar [[r.SSR.Quality:3]]
[2022.06.20-03.03.50:901][  0]LogConfig: Setting CVar [[r.SSR.HalfResSceneColor:0]]
[2022.06.20-03.03.50:901][  0]LogConfig: Setting CVar [[r.SceneColorFormat:4]]
[2022.06.20-03.03.50:901][  0]LogConfig: Setting CVar [[r.DetailMode:2]]
[2022.06.20-03.03.50:901][  0]LogConfig: Setting CVar [[r.TranslucencyVolumeBlur:1]]
[2022.06.20-03.03.50:901][  0]LogConfig: Setting CVar [[r.MaterialQualityLevel:1 ; High quality]]
[2022.06.20-03.03.50:901][  0]LogConfig: Setting CVar [[r.AnisotropicMaterials:1]]
[2022.06.20-03.03.50:902][  0]LogConfig: Setting CVar [[r.SSS.Scale:1]]
[2022.06.20-03.03.50:902][  0]LogConfig: Setting CVar [[r.SSS.SampleSet:2]]
[2022.06.20-03.03.50:902][  0]LogConfig: Setting CVar [[r.SSS.Quality:1]]
[2022.06.20-03.03.50:902][  0]LogConfig: Setting CVar [[r.SSS.HalfRes:0]]
[2022.06.20-03.03.50:902][  0]LogConfig: Setting CVar [[r.SSGI.Quality:3]]
[2022.06.20-03.03.50:902][  0]LogConfig: Setting CVar [[r.EmitterSpawnRateScale:1.0]]
[2022.06.20-03.03.50:902][  0]LogConfig: Setting CVar [[r.ParticleLightQuality:2]]
[2022.06.20-03.03.50:902][  0]LogConfig: Setting CVar [[r.SkyAtmosphere.AerialPerspectiveLUT.FastApplyOnOpaque:1 ; Always have FastSkyLUT 1 in this case to avoid wrong sky]]
[2022.06.20-03.03.50:902][  0]LogConfig: Setting CVar [[r.SkyAtmosphere.AerialPerspectiveLUT.SampleCountMaxPerSlice:4]]
[2022.06.20-03.03.50:902][  0]LogConfig: Setting CVar [[r.SkyAtmosphere.AerialPerspectiveLUT.DepthResolution:16.0]]
[2022.06.20-03.03.50:902][  0]LogConfig: Setting CVar [[r.SkyAtmosphere.FastSkyLUT:1]]
[2022.06.20-03.03.50:902][  0]LogConfig: Setting CVar [[r.SkyAtmosphere.FastSkyLUT.SampleCountMin:4.0]]
[2022.06.20-03.03.50:902][  0]LogConfig: Setting CVar [[r.SkyAtmosphere.FastSkyLUT.SampleCountMax:128.0]]
[2022.06.20-03.03.50:902][  0]LogConfig: Setting CVar [[r.SkyAtmosphere.SampleCountMin:4.0]]
[2022.06.20-03.03.50:902][  0]LogConfig: Setting CVar [[r.SkyAtmosphere.SampleCountMax:128.0]]
[2022.06.20-03.03.50:902][  0]LogConfig: Setting CVar [[r.SkyAtmosphere.TransmittanceLUT.UseSmallFormat:0]]
[2022.06.20-03.03.50:902][  0]LogConfig: Setting CVar [[r.SkyAtmosphere.TransmittanceLUT.SampleCount:10.0]]
[2022.06.20-03.03.50:902][  0]LogConfig: Setting CVar [[r.SkyAtmosphere.MultiScatteringLUT.SampleCount:15.0]]
[2022.06.20-03.03.50:902][  0]LogConfig: Setting CVar [[r.SkyLight.RealTimeReflectionCapture:1]]
[2022.06.20-03.03.50:902][  0]LogConfig: Applying CVar settings from Section [FoliageQuality@3] File [E:/MarketingProject/FrankenMech/FrankenMechGame/Saved/Config/Windows/Scalability.ini]
[2022.06.20-03.03.50:902][  0]LogConfig: Setting CVar [[foliage.DensityScale:1.0]]
[2022.06.20-03.03.50:902][  0]LogConfig: Setting CVar [[grass.DensityScale:1.0]]
[2022.06.20-03.03.50:902][  0]LogConfig: Applying CVar settings from Section [ShadingQuality@3] File [E:/MarketingProject/FrankenMech/FrankenMechGame/Saved/Config/Windows/Scalability.ini]
[2022.06.20-03.03.50:902][  0]LogConfig: Setting CVar [[r.HairStrands.SkyLighting.IntegrationType:2]]
[2022.06.20-03.03.50:902][  0]LogConfig: Setting CVar [[r.HairStrands.SkyAO.SampleCount:4]]
[2022.06.20-03.03.50:902][  0]LogConfig: Setting CVar [[r.HairStrands.Visibility.MSAA.SamplePerPixel:4]]
[2022.06.20-03.03.50:902][  0]LogInit: Selected Device Profile: [Windows]
[2022.06.20-03.03.50:902][  0]LogInit: Applying CVar settings loaded from the selected device profile: [Windows]
[2022.06.20-03.03.50:902][  0]LogHAL: Display: Platform has ~ 16 GB [17129697280 / 17179869184 / 16], which maps to Larger [LargestMinGB=32, LargerMinGB=12, DefaultMinGB=8, SmallerMinGB=6, SmallestMinGB=0)
[2022.06.20-03.03.50:902][  0]LogInit: Going up to parent DeviceProfile []
[2022.06.20-03.03.50:902][  0]LogConfig: Applying CVar settings from Section [ViewDistanceQuality@3] File [E:/MarketingProject/FrankenMech/FrankenMechGame/Saved/Config/Windows/Scalability.ini]
[2022.06.20-03.03.50:902][  0]LogConfig: Setting CVar [[r.SkeletalMeshLODBias:0]]
[2022.06.20-03.03.50:902][  0]LogConfig: Setting CVar [[r.ViewDistanceScale:1.0]]
[2022.06.20-03.03.50:902][  0]LogConfig: Applying CVar settings from Section [AntiAliasingQuality@3] File [E:/MarketingProject/FrankenMech/FrankenMechGame/Saved/Config/Windows/Scalability.ini]
[2022.06.20-03.03.50:902][  0]LogConfig: Setting CVar [[r.PostProcessAAQuality:4]]
[2022.06.20-03.03.50:902][  0]LogConfig: Applying CVar settings from Section [ShadowQuality@3] File [E:/MarketingProject/FrankenMech/FrankenMechGame/Saved/Config/Windows/Scalability.ini]
[2022.06.20-03.03.50:902][  0]LogConfig: Setting CVar [[r.LightFunctionQuality:1]]
[2022.06.20-03.03.50:902][  0]LogConfig: Setting CVar [[r.ShadowQuality:5]]
[2022.06.20-03.03.50:902][  0]LogConfig: Setting CVar [[r.Shadow.CSM.MaxCascades:10]]
[2022.06.20-03.03.50:902][  0]LogConfig: Setting CVar [[r.Shadow.MaxResolution:2048]]
[2022.06.20-03.03.50:902][  0]LogConfig: Setting CVar [[r.Shadow.MaxCSMResolution:2048]]
[2022.06.20-03.03.50:902][  0]LogConfig: Setting CVar [[r.Shadow.RadiusThreshold:0.01]]
[2022.06.20-03.03.50:902][  0]LogConfig: Setting CVar [[r.Shadow.DistanceScale:1.0]]
[2022.06.20-03.03.50:902][  0]LogConfig: Setting CVar [[r.Shadow.CSM.TransitionScale:1.0]]
[2022.06.20-03.03.50:902][  0]LogConfig: Setting CVar [[r.Shadow.PreShadowResolutionFactor:1.0]]
[2022.06.20-03.03.50:902][  0]LogConfig: Setting CVar [[r.DistanceFieldShadowing:1]]
[2022.06.20-03.03.50:902][  0]LogConfig: Setting CVar [[r.DistanceFieldAO:1]]
[2022.06.20-03.03.50:902][  0]LogConfig: Setting CVar [[r.AOQuality:2]]
[2022.06.20-03.03.50:902][  0]LogConfig: Setting CVar [[r.VolumetricFog:1]]
[2022.06.20-03.03.50:902][  0]LogConfig: Setting CVar [[r.VolumetricFog.GridPixelSize:8]]
[2022.06.20-03.03.50:902][  0]LogConfig: Setting CVar [[r.VolumetricFog.GridSizeZ:128]]
[2022.06.20-03.03.50:902][  0]LogConfig: Setting CVar [[r.VolumetricFog.HistoryMissSupersampleCount:4]]
[2022.06.20-03.03.50:902][  0]LogConfig: Setting CVar [[r.LightMaxDrawDistanceScale:1]]
[2022.06.20-03.03.50:902][  0]LogConfig: Setting CVar [[r.CapsuleShadows:1]]
[2022.06.20-03.03.50:902][  0]LogConfig: Applying CVar settings from Section [PostProcessQuality@3] File [E:/MarketingProject/FrankenMech/FrankenMechGame/Saved/Config/Windows/Scalability.ini]
[2022.06.20-03.03.50:902][  0]LogConfig: Setting CVar [[r.MotionBlurQuality:4]]
[2022.06.20-03.03.50:903][  0]LogConfig: Setting CVar [[r.AmbientOcclusionMipLevelFactor:0.4]]
[2022.06.20-03.03.50:903][  0]LogConfig: Setting CVar [[r.AmbientOcclusionMaxQuality:100]]
[2022.06.20-03.03.50:903][  0]LogConfig: Setting CVar [[r.AmbientOcclusionLevels:-1]]
[2022.06.20-03.03.50:903][  0]LogConfig: Setting CVar [[r.AmbientOcclusionRadiusScale:1.0]]
[2022.06.20-03.03.50:903][  0]LogConfig: Setting CVar [[r.DepthOfFieldQuality:2]]
[2022.06.20-03.03.50:903][  0]LogConfig: Setting CVar [[r.RenderTargetPoolMin:400]]
[2022.06.20-03.03.50:903][  0]LogConfig: Setting CVar [[r.LensFlareQuality:2]]
[2022.06.20-03.03.50:903][  0]LogConfig: Setting CVar [[r.SceneColorFringeQuality:1]]
[2022.06.20-03.03.50:903][  0]LogConfig: Setting CVar [[r.EyeAdaptationQuality:2]]
[2022.06.20-03.03.50:903][  0]LogConfig: Setting CVar [[r.BloomQuality:5]]
[2022.06.20-03.03.50:903][  0]LogConfig: Setting CVar [[r.FastBlurThreshold:100]]
[2022.06.20-03.03.50:903][  0]LogConfig: Setting CVar [[r.Upscale.Quality:3]]
[2022.06.20-03.03.50:903][  0]LogConfig: Setting CVar [[r.Tonemapper.GrainQuantization:1]]
[2022.06.20-03.03.50:903][  0]LogConfig: Setting CVar [[r.LightShaftQuality:1]]
[2022.06.20-03.03.50:903][  0]LogConfig: Setting CVar [[r.Filter.SizeScale:1]]
[2022.06.20-03.03.50:903][  0]LogConfig: Setting CVar [[r.Tonemapper.Quality:5]]
[2022.06.20-03.03.50:903][  0]LogConfig: Setting CVar [[r.DOF.Gather.AccumulatorQuality:1        ; higher gathering accumulator quality]]
[2022.06.20-03.03.50:903][  0]LogConfig: Setting CVar [[r.DOF.Gather.PostfilterMethod:1          ; Median3x3 postfilering method]]
[2022.06.20-03.03.50:903][  0]LogConfig: Setting CVar [[r.DOF.Gather.EnableBokehSettings:0       ; no bokeh simulation when gathering]]
[2022.06.20-03.03.50:903][  0]LogConfig: Setting CVar [[r.DOF.Gather.RingCount:4                 ; medium number of samples when gathering]]
[2022.06.20-03.03.50:903][  0]LogConfig: Setting CVar [[r.DOF.Scatter.ForegroundCompositing:1    ; additive foreground scattering]]
[2022.06.20-03.03.50:903][  0]LogConfig: Setting CVar [[r.DOF.Scatter.BackgroundCompositing:2    ; additive background scattering]]
[2022.06.20-03.03.50:903][  0]LogConfig: Setting CVar [[r.DOF.Scatter.EnableBokehSettings:1      ; bokeh simulation when scattering]]
[2022.06.20-03.03.50:903][  0]LogConfig: Setting CVar [[r.DOF.Scatter.MaxSpriteRatio:0.1         ; only a maximum of 10% of scattered bokeh]]
[2022.06.20-03.03.50:903][  0]LogConfig: Setting CVar [[r.DOF.Recombine.Quality:1                ; cheap slight out of focus]]
[2022.06.20-03.03.50:903][  0]LogConfig: Setting CVar [[r.DOF.Recombine.EnableBokehSettings:0    ; no bokeh simulation on slight out of focus]]
[2022.06.20-03.03.50:903][  0]LogConfig: Setting CVar [[r.DOF.TemporalAAQuality:1                ; more stable temporal accumulation]]
[2022.06.20-03.03.50:903][  0]LogConfig: Setting CVar [[r.DOF.Kernel.MaxForegroundRadius:0.025]]
[2022.06.20-03.03.50:903][  0]LogConfig: Setting CVar [[r.DOF.Kernel.MaxBackgroundRadius:0.025]]
[2022.06.20-03.03.50:903][  0]LogConfig: Applying CVar settings from Section [TextureQuality@3] File [E:/MarketingProject/FrankenMech/FrankenMechGame/Saved/Config/Windows/Scalability.ini]
[2022.06.20-03.03.50:903][  0]LogConfig: Setting CVar [[r.Streaming.MipBias:0]]
[2022.06.20-03.03.50:903][  0]LogConfig: Setting CVar [[r.Streaming.AmortizeCPUToGPUCopy:0]]
[2022.06.20-03.03.50:903][  0]LogConfig: Setting CVar [[r.Streaming.MaxNumTexturesToStreamPerFrame:0]]
[2022.06.20-03.03.50:903][  0]LogConfig: Setting CVar [[r.Streaming.Boost:1]]
[2022.06.20-03.03.50:903][  0]LogConfig: Setting CVar [[r.MaxAnisotropy:8]]
[2022.06.20-03.03.50:903][  0]LogConfig: Setting CVar [[r.VT.MaxAnisotropy:8]]
[2022.06.20-03.03.50:903][  0]LogConfig: Setting CVar [[r.Streaming.LimitPoolSizeToVRAM:0]]
[2022.06.20-03.03.50:903][  0]LogConfig: Setting CVar [[r.Streaming.PoolSize:1000]]
[2022.06.20-03.03.50:903][  0]LogConfig: Setting CVar [[r.Streaming.MaxEffectiveScreenSize:0]]
[2022.06.20-03.03.50:903][  0]LogConfig: Applying CVar settings from Section [EffectsQuality@3] File [E:/MarketingProject/FrankenMech/FrankenMechGame/Saved/Config/Windows/Scalability.ini]
[2022.06.20-03.03.50:903][  0]LogConfig: Setting CVar [[r.TranslucencyLightingVolumeDim:64]]
[2022.06.20-03.03.50:903][  0]LogConfig: Setting CVar [[r.RefractionQuality:2]]
[2022.06.20-03.03.50:903][  0]LogConfig: Setting CVar [[r.SSR.Quality:3]]
[2022.06.20-03.03.50:903][  0]LogConfig: Setting CVar [[r.SSR.HalfResSceneColor:0]]
[2022.06.20-03.03.50:903][  0]LogConfig: Setting CVar [[r.SceneColorFormat:4]]
[2022.06.20-03.03.50:903][  0]LogConfig: Setting CVar [[r.DetailMode:2]]
[2022.06.20-03.03.50:903][  0]LogConfig: Setting CVar [[r.TranslucencyVolumeBlur:1]]
[2022.06.20-03.03.50:903][  0]LogConfig: Setting CVar [[r.MaterialQualityLevel:1 ; High quality]]
[2022.06.20-03.03.50:903][  0]LogConfig: Setting CVar [[r.AnisotropicMaterials:1]]
[2022.06.20-03.03.50:903][  0]LogConfig: Setting CVar [[r.SSS.Scale:1]]
[2022.06.20-03.03.50:903][  0]LogConfig: Setting CVar [[r.SSS.SampleSet:2]]
[2022.06.20-03.03.50:903][  0]LogConfig: Setting CVar [[r.SSS.Quality:1]]
[2022.06.20-03.03.50:903][  0]LogConfig: Setting CVar [[r.SSS.HalfRes:0]]
[2022.06.20-03.03.50:903][  0]LogConfig: Setting CVar [[r.SSGI.Quality:3]]
[2022.06.20-03.03.50:903][  0]LogConfig: Setting CVar [[r.EmitterSpawnRateScale:1.0]]
[2022.06.20-03.03.50:903][  0]LogConfig: Setting CVar [[r.ParticleLightQuality:2]]
[2022.06.20-03.03.50:903][  0]LogConfig: Setting CVar [[r.SkyAtmosphere.AerialPerspectiveLUT.FastApplyOnOpaque:1 ; Always have FastSkyLUT 1 in this case to avoid wrong sky]]
[2022.06.20-03.03.50:903][  0]LogConfig: Setting CVar [[r.SkyAtmosphere.AerialPerspectiveLUT.SampleCountMaxPerSlice:4]]
[2022.06.20-03.03.50:903][  0]LogConfig: Setting CVar [[r.SkyAtmosphere.AerialPerspectiveLUT.DepthResolution:16.0]]
[2022.06.20-03.03.50:903][  0]LogConfig: Setting CVar [[r.SkyAtmosphere.FastSkyLUT:1]]
[2022.06.20-03.03.50:903][  0]LogConfig: Setting CVar [[r.SkyAtmosphere.FastSkyLUT.SampleCountMin:4.0]]
[2022.06.20-03.03.50:903][  0]LogConfig: Setting CVar [[r.SkyAtmosphere.FastSkyLUT.SampleCountMax:128.0]]
[2022.06.20-03.03.50:903][  0]LogConfig: Setting CVar [[r.SkyAtmosphere.SampleCountMin:4.0]]
[2022.06.20-03.03.50:903][  0]LogConfig: Setting CVar [[r.SkyAtmosphere.SampleCountMax:128.0]]
[2022.06.20-03.03.50:903][  0]LogConfig: Setting CVar [[r.SkyAtmosphere.TransmittanceLUT.UseSmallFormat:0]]
[2022.06.20-03.03.50:903][  0]LogConfig: Setting CVar [[r.SkyAtmosphere.TransmittanceLUT.SampleCount:10.0]]
[2022.06.20-03.03.50:903][  0]LogConfig: Setting CVar [[r.SkyAtmosphere.MultiScatteringLUT.SampleCount:15.0]]
[2022.06.20-03.03.50:903][  0]LogConfig: Setting CVar [[r.SkyLight.RealTimeReflectionCapture:1]]
[2022.06.20-03.03.50:904][  0]LogConfig: Applying CVar settings from Section [FoliageQuality@3] File [E:/MarketingProject/FrankenMech/FrankenMechGame/Saved/Config/Windows/Scalability.ini]
[2022.06.20-03.03.50:904][  0]LogConfig: Setting CVar [[foliage.DensityScale:1.0]]
[2022.06.20-03.03.50:904][  0]LogConfig: Setting CVar [[grass.DensityScale:1.0]]
[2022.06.20-03.03.50:904][  0]LogConfig: Applying CVar settings from Section [ShadingQuality@3] File [E:/MarketingProject/FrankenMech/FrankenMechGame/Saved/Config/Windows/Scalability.ini]
[2022.06.20-03.03.50:904][  0]LogConfig: Setting CVar [[r.HairStrands.SkyLighting.IntegrationType:2]]
[2022.06.20-03.03.50:904][  0]LogConfig: Setting CVar [[r.HairStrands.SkyAO.SampleCount:4]]
[2022.06.20-03.03.50:904][  0]LogConfig: Setting CVar [[r.HairStrands.Visibility.MSAA.SamplePerPixel:4]]
[2022.06.20-03.03.50:904][  0]LogConfig: Applying CVar settings from Section [Startup] File [../../../Engine/Config/ConsoleVariables.ini]
[2022.06.20-03.03.50:904][  0]LogConfig: Setting CVar [[net.UseAdaptiveNetUpdateFrequency:0]]
[2022.06.20-03.03.50:904][  0]LogConfig: Setting CVar [[p.chaos.AllowCreatePhysxBodies:1]]
[2022.06.20-03.03.50:904][  0]LogConfig: Setting CVar [[fx.SkipVectorVMBackendOptimizations:1]]
[2022.06.20-03.03.50:904][  0]LogConfig: Applying CVar settings from Section [ConsoleVariables] File [E:/MarketingProject/FrankenMech/FrankenMechGame/Saved/Config/Windows/Engine.ini]
[2022.06.20-03.03.50:904][  0]LogConfig: Applying CVar settings from Section [ConsoleVariables] File [E:/MarketingProject/FrankenMech/FrankenMechGame/Saved/Config/Windows/Editor.ini]
[2022.06.20-03.03.50:904][  0]LogInit: Computer: DESKTOP-VF0R4SA
[2022.06.20-03.03.50:904][  0]LogInit: User: nilse
[2022.06.20-03.03.50:904][  0]LogInit: CPU Page size=4096, Cores=8
[2022.06.20-03.03.50:904][  0]LogInit: High frequency timer resolution =10.000000 MHz
[2022.06.20-03.03.50:904][  0]LogMemory: Memory total: Physical=16.0GB (16GB approx)
[2022.06.20-03.03.50:904][  0]LogMemory: Platform Memory Stats for Windows
[2022.06.20-03.03.50:904][  0]LogMemory: Process Physical Memory: 148.70 MB used, 148.71 MB peak
[2022.06.20-03.03.50:904][  0]LogMemory: Process Virtual Memory: 131.30 MB used, 131.30 MB peak
[2022.06.20-03.03.50:904][  0]LogMemory: Physical Memory: 8732.03 MB used,  7604.12 MB free, 16336.15 MB total
[2022.06.20-03.03.50:904][  0]LogMemory: Virtual Memory: 134211432.00 MB used,  6292.66 MB free, 134217728.00 MB total
[2022.06.20-03.03.50:912][  0]LogWindows: WindowsPlatformFeatures enabled
[2022.06.20-03.03.50:969][  0]LogInit: Physics initialised using underlying interface: PhysX
[2022.06.20-03.03.50:970][  0]LogInit: Using OS detected language (en-GB).
[2022.06.20-03.03.50:970][  0]LogInit: Using OS detected locale (en-AU).
[2022.06.20-03.03.50:974][  0]LogTextLocalizationManager: No specific localization for 'en-GB' exists, so the 'en' localization will be used.
[2022.06.20-03.03.51:263][  0]LogInit: Setting process to per monitor DPI aware
[2022.06.20-03.03.51:274][  0]LogWindowsTextInputMethodSystem: Display: IME system deactivated.
[2022.06.20-03.03.51:292][  0]LogSlate: New Slate User Created.  User Index 0, Is Virtual User: 0
[2022.06.20-03.03.51:292][  0]LogSlate: Slate User Registered.  User Index 0, Is Virtual User: 0
[2022.06.20-03.03.51:579][  0]LogD3D11RHI: Loaded GFSDK_Aftermath_Lib.x64.dll
[2022.06.20-03.03.51:583][  0]LogHMD: Failed to initialize OpenVR with code 110
[2022.06.20-03.03.51:583][  0]LogD3D11RHI: D3D11 min allowed feature level: 11_0
[2022.06.20-03.03.51:583][  0]LogD3D11RHI: D3D11 max allowed feature level: 11_0
[2022.06.20-03.03.51:583][  0]LogD3D11RHI: D3D11 adapters:
[2022.06.20-03.03.51:741][  0]LogD3D11RHI:    0. 'NVIDIA GeForce GTX 1080' (Feature Level 11_0)
[2022.06.20-03.03.51:741][  0]LogD3D11RHI:       8079/0/8168 MB DedicatedVideo/DedicatedSystem/SharedSystem, Outputs:1, VendorId:0x10de
[2022.06.20-03.03.51:744][  0]LogD3D11RHI:    1. 'Microsoft Basic Render Driver' (Feature Level 11_0)
[2022.06.20-03.03.51:744][  0]LogD3D11RHI:       0/0/8168 MB DedicatedVideo/DedicatedSystem/SharedSystem, Outputs:0, VendorId:0x1414
[2022.06.20-03.03.51:744][  0]LogD3D11RHI: Chosen D3D11 Adapter:
[2022.06.20-03.03.51:744][  0]LogD3D11RHI:     Description : NVIDIA GeForce GTX 1080
[2022.06.20-03.03.51:744][  0]LogD3D11RHI:     VendorId    : 10de
[2022.06.20-03.03.51:744][  0]LogD3D11RHI:     DeviceId    : 1b80
[2022.06.20-03.03.51:744][  0]LogD3D11RHI:     SubSysId    : 33621462
[2022.06.20-03.03.51:744][  0]LogD3D11RHI:     Revision    : 00a1
[2022.06.20-03.03.51:744][  0]LogD3D11RHI:     DedicatedVideoMemory : 8471445504 bytes
[2022.06.20-03.03.51:744][  0]LogD3D11RHI:     DedicatedSystemMemory : 0 bytes
[2022.06.20-03.03.51:744][  0]LogD3D11RHI:     SharedSystemMemory : 8564848640 bytes
[2022.06.20-03.03.51:744][  0]LogD3D11RHI:     AdapterLuid : 0 52968
[2022.06.20-03.03.51:758][  0]LogD3D11RHI: Creating new Direct3DDevice
[2022.06.20-03.03.51:758][  0]LogD3D11RHI:     GPU DeviceId: 0x1b80 (for the marketing name, search the web for "GPU Device Id")
[2022.06.20-03.03.51:758][  0]LogWindows: EnumDisplayDevices:
[2022.06.20-03.03.51:758][  0]LogWindows:    0. 'NVIDIA GeForce GTX 1080' (P:1 D:1)
[2022.06.20-03.03.51:758][  0]LogWindows:    1. 'NVIDIA GeForce GTX 1080' (P:0 D:0)
[2022.06.20-03.03.51:759][  0]LogWindows:    2. 'NVIDIA GeForce GTX 1080' (P:0 D:0)
[2022.06.20-03.03.51:759][  0]LogWindows:    3. 'NVIDIA GeForce GTX 1080' (P:0 D:0)
[2022.06.20-03.03.51:759][  0]LogWindows: DebugString: FoundDriverCount:4 
[2022.06.20-03.03.51:759][  0]LogD3D11RHI:     Adapter Name: NVIDIA GeForce GTX 1080
[2022.06.20-03.03.51:760][  0]LogD3D11RHI:   Driver Version: 497.29 (internal:30.0.14.9729, unified:497.29)
[2022.06.20-03.03.51:760][  0]LogD3D11RHI:      Driver Date: 12-15-2021
[2022.06.20-03.03.51:760][  0]LogRHI: Texture pool is 5655 MB (70% of 8079 MB)
[2022.06.20-03.03.51:760][  0]LogD3D11RHI: Creating D3DDevice using adapter:
[2022.06.20-03.03.51:760][  0]LogD3D11RHI:     Description : NVIDIA GeForce GTX 1080
[2022.06.20-03.03.51:760][  0]LogD3D11RHI:     VendorId    : 10de
[2022.06.20-03.03.51:760][  0]LogD3D11RHI:     DeviceId    : 1b80
[2022.06.20-03.03.51:760][  0]LogD3D11RHI:     SubSysId    : 33621462
[2022.06.20-03.03.51:760][  0]LogD3D11RHI:     Revision    : 00a1
[2022.06.20-03.03.51:760][  0]LogD3D11RHI:     DedicatedVideoMemory : 8471445504 bytes
[2022.06.20-03.03.51:760][  0]LogD3D11RHI:     DedicatedSystemMemory : 0 bytes
[2022.06.20-03.03.51:760][  0]LogD3D11RHI:     SharedSystemMemory : 8564848640 bytes
[2022.06.20-03.03.51:760][  0]LogD3D11RHI:     AdapterLuid : 0 52968
[2022.06.20-03.03.51:856][  0]LogD3D11RHI: RHI has support for 64 bit atomics
[2022.06.20-03.03.51:856][  0]LogD3D11RHI: Async texture creation enabled
[2022.06.20-03.03.51:856][  0]LogD3D11RHI: Array index from any shader is supported
[2022.06.20-03.03.51:889][  0]LogD3D11RHI: GPU Timing Frequency: 1000.000000 (Debug: 2 1)
[2022.06.20-03.03.51:929][  0]LogRHI: GeForceNow SDK initialized: 1
[2022.06.20-03.03.52:348][  0]LogTargetPlatformManager: Display: Loaded TargetPlatform 'AllDesktop'
[2022.06.20-03.03.52:381][  0]LogTargetPlatformManager: Display: Loaded TargetPlatform 'Android'
[2022.06.20-03.03.52:381][  0]LogTargetPlatformManager: Display: Loaded TargetPlatform 'Android_ASTC'
[2022.06.20-03.03.52:381][  0]LogTargetPlatformManager: Display: Loaded TargetPlatform 'Android_DXT'
[2022.06.20-03.03.52:381][  0]LogTargetPlatformManager: Display: Loaded TargetPlatform 'Android_ETC2'
[2022.06.20-03.03.52:381][  0]LogTargetPlatformManager: Display: Loaded TargetPlatform 'AndroidClient'
[2022.06.20-03.03.52:381][  0]LogTargetPlatformManager: Display: Loaded TargetPlatform 'Android_ASTCClient'
[2022.06.20-03.03.52:382][  0]LogTargetPlatformManager: Display: Loaded TargetPlatform 'Android_DXTClient'
[2022.06.20-03.03.52:382][  0]LogTargetPlatformManager: Display: Loaded TargetPlatform 'Android_ETC2Client'
[2022.06.20-03.03.52:382][  0]LogTargetPlatformManager: Display: Loaded TargetPlatform 'Android_Multi'
[2022.06.20-03.03.52:382][  0]LogTargetPlatformManager: Display: Loaded TargetPlatform 'Android_MultiClient'
[2022.06.20-03.03.52:424][  0]LogTargetPlatformManager: Display: Loaded TargetPlatform 'IOSClient'
[2022.06.20-03.03.52:424][  0]LogTargetPlatformManager: Display: Loaded TargetPlatform 'IOS'
[2022.06.20-03.03.52:440][  0]LogTargetPlatformManager: Display: Loaded TargetPlatform 'Linux'
[2022.06.20-03.03.52:446][  0]LogTargetPlatformManager: Display: Loaded TargetPlatform 'LinuxNoEditor'
[2022.06.20-03.03.52:454][  0]LogTargetPlatformManager: Display: Loaded TargetPlatform 'LinuxClient'
[2022.06.20-03.03.52:461][  0]LogTargetPlatformManager: Display: Loaded TargetPlatform 'LinuxServer'
[2022.06.20-03.03.52:473][  0]LogTargetPlatformManager: Display: Loaded TargetPlatform 'LinuxAArch64NoEditor'
[2022.06.20-03.03.52:481][  0]LogTargetPlatformManager: Display: Loaded TargetPlatform 'LinuxAArch64Client'
[2022.06.20-03.03.52:488][  0]LogTargetPlatformManager: Display: Loaded TargetPlatform 'LinuxAArch64Server'
[2022.06.20-03.03.52:520][  0]LogTargetPlatformManager: Display: Loaded TargetPlatform 'Lumin'
[2022.06.20-03.03.52:520][  0]LogTargetPlatformManager: Display: Loaded TargetPlatform 'LuminClient'
[2022.06.20-03.03.52:531][  0]LogTargetPlatformManager: Display: Loaded TargetPlatform 'MacNoEditor'
[2022.06.20-03.03.52:537][  0]LogTargetPlatformManager: Display: Loaded TargetPlatform 'Mac'
[2022.06.20-03.03.52:543][  0]LogTargetPlatformManager: Display: Loaded TargetPlatform 'MacClient'
[2022.06.20-03.03.52:549][  0]LogTargetPlatformManager: Display: Loaded TargetPlatform 'MacServer'
[2022.06.20-03.03.52:564][  0]LogTargetPlatformManager: Display: Loaded TargetPlatform 'TVOSClient'
[2022.06.20-03.03.52:564][  0]LogTargetPlatformManager: Display: Loaded TargetPlatform 'TVOS'
[2022.06.20-03.03.52:576][  0]LogTargetPlatformManager: Display: Loaded TargetPlatform 'WindowsNoEditor'
[2022.06.20-03.03.52:583][  0]LogTargetPlatformManager: Display: Loaded TargetPlatform 'Windows'
[2022.06.20-03.03.52:590][  0]LogTargetPlatformManager: Display: Loaded TargetPlatform 'WindowsClient'
[2022.06.20-03.03.52:596][  0]LogTargetPlatformManager: Display: Loaded TargetPlatform 'WindowsServer'
[2022.06.20-03.03.52:596][  0]LogTargetPlatformManager: Display: Building Assets For Windows
[2022.06.20-03.03.52:607][  0]LogAudioDebug: Display: Lib vorbis DLL was dynamically loaded.
[2022.06.20-03.03.52:649][  0]LogTextureFormatOodle: Display: Oodle Texture 2.9.0 init RDO Off
[2022.06.20-03.03.52:697][  0]LogRendererCore: Ray tracing is disabled. Reason: r.RayTracing=0.
[2022.06.20-03.03.52:697][  0]LogShaderCompilers: Guid format shader working directory is -13 characters bigger than the processId version (../../../../../MarketingProject/FrankenMech/FrankenMechGame/Intermediate/Shaders/WorkingDirectory/2312/).
[2022.06.20-03.03.52:697][  0]LogShaderCompilers: Cleaned the shader compiler working directory 'C:/Users/nilse/AppData/Local/Temp/UnrealShaderWorkingDir/9AD99F3F45306E92EF0125B1FBD0EAC7/'.
[2022.06.20-03.03.52:698][  0]LogXGEController: Cannot use XGE Controller as Incredibuild is not installed on this machine.
[2022.06.20-03.03.52:698][  0]LogShaderCompilers: Cannot use XGE Shader Compiler as Incredibuild is not installed on this machine.
[2022.06.20-03.03.52:698][  0]LogShaderCompilers: Display: Using Local Shader Compiler.
[2022.06.20-03.03.53:690][  0]LogDerivedDataCache: Display: Max Cache Size: 512 MB
[2022.06.20-03.03.53:764][  0]LogDerivedDataCache: Loaded boot cache 0.07s 94MB C:/Users/nilse/AppData/Local/UnrealEngine/4.27/DerivedDataCache/Boot.ddc.
[2022.06.20-03.03.53:764][  0]LogDerivedDataCache: Display: Loaded Boot cache: C:/Users/nilse/AppData/Local/UnrealEngine/4.27/DerivedDataCache/Boot.ddc
[2022.06.20-03.03.53:764][  0]LogDerivedDataCache: FDerivedDataBackendGraph:  Pak pak cache file ../../../../../MarketingProject/FrankenMech/FrankenMechGame/DerivedDataCache/DDC.ddp not found, will not use a pak cache.
[2022.06.20-03.03.53:764][  0]LogDerivedDataCache: Unable to find inner node Pak for hierarchical cache Hierarchy.
[2022.06.20-03.03.53:764][  0]LogDerivedDataCache: FDerivedDataBackendGraph:  CompressedPak pak cache file ../../../../../MarketingProject/FrankenMech/FrankenMechGame/DerivedDataCache/Compressed.ddp not found, will not use a pak cache.
[2022.06.20-03.03.53:764][  0]LogDerivedDataCache: Unable to find inner node CompressedPak for hierarchical cache Hierarchy.
[2022.06.20-03.03.53:786][  0]LogDerivedDataCache: Display: Pak cache opened for reading ../../../Engine/DerivedDataCache/Compressed.ddp.
[2022.06.20-03.03.53:786][  0]LogDerivedDataCache: FDerivedDataBackendGraph:  EnterprisePak pak cache file ../../../Enterprise/DerivedDataCache/Compressed.ddp not found, will not use a pak cache.
[2022.06.20-03.03.53:786][  0]LogDerivedDataCache: Unable to find inner node EnterprisePak for hierarchical cache Hierarchy.
[2022.06.20-03.03.53:797][  0]LogDerivedDataCache: Speed tests for C:/Users/nilse/AppData/Local/UnrealEngine/Common/DerivedDataCache took 0.01 seconds
[2022.06.20-03.03.53:797][  0]LogDerivedDataCache: Display: Performance to C:/Users/nilse/AppData/Local/UnrealEngine/Common/DerivedDataCache: Latency=0.06ms. RandomReadSpeed=737.67MBs, RandomWriteSpeed=106.01MBs. Assigned SpeedClass 'Local'
[2022.06.20-03.03.53:798][  0]LogDerivedDataCache: Using Local data cache path C:/Users/nilse/AppData/Local/UnrealEngine/Common/DerivedDataCache: Writable
[2022.06.20-03.03.53:799][  0]LogDerivedDataCache: Shared data cache path not found in *engine.ini, will not use an Shared cache.
[2022.06.20-03.03.53:799][  0]LogDerivedDataCache: Unable to find inner node Shared for hierarchical cache Hierarchy.
[2022.06.20-03.03.53:862][  0]LogSlate: Using FreeType 2.10.0
[2022.06.20-03.03.53:863][  0]LogSlate: SlateFontServices - WITH_FREETYPE: 1, WITH_HARFBUZZ: 1
[2022.06.20-03.03.53:895][  0]LogAssetRegistry: FAssetRegistry took 0.0033 seconds to start up
[2022.06.20-03.03.54:212][  0]LogInit: Selected Device Profile: [Windows]
[2022.06.20-03.03.54:212][  0]LogInit: Active device profile: [00000191CE088900][00000191C239D600 49] Windows
[2022.06.20-03.03.54:212][  0]LogInit: Profiles: [00000191CE088900][00000191C239D600 49] Windows, [00000191CE05B800][00000191C267B780 49] WindowsNoEditor, [00000191CE08B500][00000191C267F900 49] WindowsServer, [00000191CE058E00][00000191CC2C1A80 49] WindowsClient, [00000191CE08B800][00000191CC2C5C00 49] IOS, [00000191CE05A800][00000191CC2C8200 49] iPadAir, [00000191CE08A000][00000191CC2CC380 49] iPadAir2, [00000191CDFFCA00][00000191CC2D4640 49] IPadPro, [00000191CDFFCB00][00000191CC2D0680 49] iPadAir3, [00000191CE059700][00000191C26767C0 49] iPadAir4, [00000191CDFFF400][00000191CDAE2900 49] iPadMini2, [00000191CE05AA00][00000191CDAE6A40 49] iPadMini3, [00000191CDFFD700][00000191CDAEAB80 49] iPadMini4, [00000191CE088F00][00000191CDAF2D00 49] iPadMini5, [00000191CE020300][00000191CDAFAFC0 49] iPhone6, [00000191CE020400][00000191CDAF7000 49] iPodTouch6, [00000191CDFFF600][00000191CEBA92C0 49] iPhone7, [00000191CDFFD800][00000191CC543300 49] iPodTouch7, [00000191CE023F00][00000191CEC5D480 49] iPhone5S, [00000191CE05A300][00000191CED0B600 49] iPhone6Plus, [00000191CDFFC200][00000191CED0F780 49] iPhone6S, [00000191CE05A200][00000191CEDCD900 49] iPhone6SPlus, [00000191CDFFFC00][00000191CEE9FA80 49] iPhone7Plus, [00000191CE05BD00][00000191CEEA3C00 49] iPhoneSE, [00000191CDFFF500][00000191CEEA6200 49] iPhone8, [00000191CE059E00][00000191CEEB2380 49] iPhone8Plus, [00000191CDFFE600][00000191CEF0E500 49] iPhoneX, [00000191CE05A500][00000191CEF1C680 49] iPhoneXS, [00000191CDFFE000][00000191C26A2800 49] iPhoneXSMax, [00000191CE05BA00][00000191CDAEE940 49] iPhoneXR, [00000191CDFFF700][00000191C26E0A80 49] iPhone11, [00000191CE058D00][00000191CD826BC0 49] iPhone11Pro, [00000191CDFFF800][00000191CB28ED00 49] iPhone11ProMax, [00000191CE058F00][00000191C26E4E80 49] iPhoneSE2, [00000191CDFFEE00][00000191C26E9000 49] iPhone12Mini, [00000191CE05A700][00000191CEEAF180 49] iPhone12, [00000191CDFFD100][00000191C26ED300 49] iPhone12Pro, [00000191CE05B600][00000191C26F1480 49] iPhone12ProMax, [00000191CDFFE300][00000191C26F5600 49] iPadPro105, [00000191CE058C00][00000191CEC05780 49] iPadPro129, [00000191CDFFF300][00000191CEC09900 49] iPadPro97, [00000191CE059F00][00000191CEC31A80 49] iPadPro2_129, [00000191CDFFD400][00000191CEC41C00 49] iPad5, [00000191CE05B400][00000191CEC44200 49] iPad6, [00000191CDFFF100][00000191CEC48380 49] iPad7, [00000191CE059A00][00000191CEC4C500 49] iPad8, [00000191CDFFE800][00000191CEC50680 49] iPadPro11, [00000191CE059B00][00000191CEC58800 49] iPadPro2_11, [00000191CDFFDB00][00000191D02B0980 49] iPadPro3_129, [00000191CE05B900][00000191D02B4B00 49] iPadPro4_129, [00000191CDFFD500][00000191CB292C40 49] AppleTV, [00000191CE05A000][00000191D02B8D80 49] AppleTV4K, [00000191CDFFC100][00000191D02BCEC0 49] TVOS, [00000191CE05A600][00000191D02D9040 49] Mac, [00000191CDFFE700][00000191D030D1C0 49] MacClient, [00000191CE05AF00][00000191D0315340 49] MacNoEditor, [00000191CDFFF900][00000191D03194C0 49] MacServer, [00000191CE05B500][00000191D031D640 49] Linux, [00000191CDFFE200][00000191D03257C0 49] LinuxAArch64, [00000191CE058B00][00000191D032D940 49] LinuxNoEditor, [00000191CDFFFB00][00000191CECC3AC0 49] LinuxAArch64NoEditor, [00000191CE058100][00000191CECC60C0 49] LinuxClient, [00000191CDFFDD00][00000191CECCA240 49] LinuxAArch64Client, [00000191CE059600][00000191CECCE3C0 49] LinuxServer, [00000191CDFFE100][00000191CB286540 49] LinuxAArch64Server, [00000191CE059300][00000191D03206C0 49] Android, [00000191CDFFC500][00000191CB28A840 49] Android_Low, [00000191CE05AB00][00000191CECF49C0 49] Android_Mid, [00000191CE08BA00][00000191CECF8B40 49] Android_High, [00000191CE021C00][00000191CECFCCC0 49] Android_Default, [00000191CE08A100][00000191D02D4E00 49] Android_Adreno4xx, [00000191CE022700][00000191D0310F40 49] Android_Adreno5xx_Low, [00000191CE088B00][00000191D0329080 49] Android_Adreno5xx, [00000191CE022D00][00000191CED011C0 49] Android_Adreno6xx, [00000191CE089200][00000191CEC9B340 49] Android_Adreno6xx_Vulkan, [00000191CE022800][00000191CEC9F4C0 49] Android_Mali_T6xx, [00000191CE08B200][00000191CECA3640 49] Android_Mali_T7xx, [00000191CE022E00][00000191CECA77C0 49] Android_Mali_T8xx, [00000191CE08A500][00000191CECAB940 49] Android_Mali_G71, [00000191CE023E00][00000191CECAFAC0 49] Android_Mali_G72, [00000191CE08AA00][00000191CECB20C0 49] Android_Mali_G72_Vulkan, [00000191CE021B00][00000191CECB6240 49] Android_Mali_G76, [00000191CE089D00][00000191CECBA3C0 49] Android_Mali_G76_Vulkan, [00000191CE023000][00000191CECBE540 49] Android_Mali_G77, [00000191CE08AD00][00000191CEBC86C0 49] Android_Mali_G77_Vulkan, [00000191CE023A00][00000191CEBCC840 49] Android_Mali_G78, [00000191CE088D00][00000191CEBD09C0 49] Android_Mali_G78_Vulkan, [00000191CE020500][00000191CEBD4B40 49] Android_Mali_G710, [00000191CE089300][00000191CEBD8CC0 49] Android_Mali_G710_Vulkan, [00000191CE023500][00000191CEBDCE40 49] Android_Vulkan_SM5, [00000191CE08B300][00000191CED04F80 49] Android_PowerVR_G6xxx, [00000191CE022C00][00000191CEBE10C0 49] Android_PowerVR_GT7xxx, [00000191CE08BC00][00000191CEBE5200 49] Android_PowerVR_GE8xxx, [00000191CE021200][00000191CEBE9340 49] Android_PowerVR_GM9xxx, [00000191CE08B000][00000191CEBF14C0 49] Android_PowerVR_GM9xxx_Vulkan, [00000191CE022900][00000191CEBF5640 49] Android_TegraK1, [00000191CE089100][00000191CEBF97C0 49] Android_Unknown_Vulkan, [00000191CE058600][00000191CEBFD940 49] Lumin, [00000191CE08A900][00000191CEC01AC0 49] Lumin_Desktop, [00000191CE059200][00000191CD7B60C0 49] HoloLens, 
[2022.06.20-03.03.54:377][  0]LogMeshReduction: Using QuadricMeshReduction for automatic static mesh reduction
[2022.06.20-03.03.54:377][  0]LogMeshReduction: Using SimplygonMeshReduction for automatic skeletal mesh reduction
[2022.06.20-03.03.54:377][  0]LogMeshReduction: Using ProxyLODMeshReduction for automatic mesh merging
[2022.06.20-03.03.54:377][  0]LogMeshReduction: No distributed automatic mesh merging module available
[2022.06.20-03.03.54:377][  0]LogMeshMerging: No distributed automatic mesh merging module available
[2022.06.20-03.03.54:403][  0]LogNetVersion: FrankenMechGame 1.0.0, NetCL: 17155196, EngineNetVer: 17, GameNetVer: 0 (Checksum: 494357339)
[2022.06.20-03.03.54:928][  0]LogTexture: Default maximum texture size for cubemaps generated from long-lat sources has been changed from 512 to unlimited. In order to preserve old behaiour for '/Engine/MapTemplates/Sky/DaylightAmbientCubemap.DaylightAmbientCubemap', its maximum texture size has been explicitly set to 512.
[2022.06.20-03.03.55:041][  0]LogHMD: PokeAHoleMaterial loaded successfully
[2022.06.20-03.03.55:052][  0]LogUObjectArray: 17178 objects as part of root set at end of initial load.
[2022.06.20-03.03.55:052][  0]LogUObjectAllocator: 4302048 out of 0 bytes used by permanent object pool.
[2022.06.20-03.03.55:052][  0]LogUObjectArray: CloseDisregardForGC: 0/0 objects in disregard for GC pool
[2022.06.20-03.03.55:515][  0]LogPython: Using Python 3.7.7
[2022.06.20-03.03.56:182][  0]LogNiagaraDebuggerClient: Niagara Debugger Client Initialized | Session: F0E32C164D5C808C760942BD21A63ED8 | Instance: 2D3472D942FAE32152D78094674A5A97 (DESKTOP-VF0R4SA-2312).
[2022.06.20-03.03.56:396][  0]LogTcpMessaging: Initializing TcpMessaging bridge
[2022.06.20-03.03.56:402][  0]LogUdpMessaging: Initializing bridge on interface 0.0.0.0:0 to multicast group 230.0.0.1:6666.
[2022.06.20-03.03.56:840][  0]LogOpenImageDenoise: OIDN starting up
[2022.06.20-03.03.56:878][  0]SourceControl: Source control is disabled
[2022.06.20-03.03.56:878][  0]SourceControl: Source control is disabled
[2022.06.20-03.03.56:883][  0]SourceControl: Source control is disabled
[2022.06.20-03.03.56:886][  0]SourceControl: Source control is disabled
[2022.06.20-03.03.56:895][  0]SourceControl: Source control is disabled
[2022.06.20-03.03.56:898][  0]LogUProjectInfo: Found projects:
[2022.06.20-03.03.56:972][  0]LogAndroidPermission: UAndroidPermissionCallbackProxy::GetInstance
[2022.06.20-03.03.56:999][  0]LogAudioCaptureCore: Display: No Audio Capture implementations found. Audio input will be silent.
[2022.06.20-03.03.56:999][  0]LogAudioCaptureCore: Display: No Audio Capture implementations found. Audio input will be silent.
[2022.06.20-03.03.57:171][  0]LogCollectionManager: Loaded 0 collections in 0.000945 seconds
[2022.06.20-03.03.57:212][  0]LogFileCache: Scanning file cache for directory 'E:/MarketingProject/FrankenMech/FrankenMechGame/Saved/Collections/' took 0.00s
[2022.06.20-03.03.57:212][  0]LogFileCache: Scanning file cache for directory 'E:/MarketingProject/FrankenMech/FrankenMechGame/Content/Developers/nilse/Collections/' took 0.00s
[2022.06.20-03.03.57:212][  0]LogFileCache: Scanning file cache for directory 'E:/MarketingProject/FrankenMech/FrankenMechGame/Content/Collections/' took 0.00s
[2022.06.20-03.03.57:212][  0]LogOcInput: OculusInput pre-init called
[2022.06.20-03.03.57:877][  0]LogClass: Display: Int8Property FMTSJson::version is not initialized properly. Module:MegascansPlugin File:Private/Utilities/MTSReader.h
[2022.06.20-03.03.57:877][  0]LogClass: Display: Int16Property FMTSJson::resolutionValue is not initialized properly. Module:MegascansPlugin File:Private/Utilities/MTSReader.h
[2022.06.20-03.03.57:877][  0]LogClass: Display: BoolProperty FMTSJson::isExternal is not initialized properly. Module:MegascansPlugin File:Private/Utilities/MTSReader.h
[2022.06.20-03.03.57:877][  0]LogClass: Display: Int8Property FMTSJson::meshVersion is not initialized properly. Module:MegascansPlugin File:Private/Utilities/MTSReader.h
[2022.06.20-03.03.57:877][  0]LogClass: Display: BoolProperty FMTSJson::isCustom is not initialized properly. Module:MegascansPlugin File:Private/Utilities/MTSReader.h
[2022.06.20-03.03.57:877][  0]LogClass: Display: BoolProperty FMTSJson::isModularAsset is not initialized properly. Module:MegascansPlugin File:Private/Utilities/MTSReader.h
[2022.06.20-03.03.57:877][  0]LogClass: Display: Int8Property FLodList::variation is not initialized properly. Module:MegascansPlugin File:Private/Utilities/MTSReader.h
[2022.06.20-03.03.57:877][  0]LogClass: Display: Int16Property FMeshList::resolution is not initialized properly. Module:MegascansPlugin File:Private/Utilities/MTSReader.h
[2022.06.20-03.03.57:877][  0]LogClass: Display: Int16Property FComponents::resolution is not initialized properly. Module:MegascansPlugin File:Private/Utilities/MTSReader.h
[2022.06.20-03.03.57:877][  0]LogClass: Display: BoolProperty FTextureSets::isUdim is not initialized properly. Module:MegascansPlugin File:Private/Utilities/MTSReader.h
[2022.06.20-03.03.57:877][  0]LogClass: Display: BoolProperty FMeta::value is not initialized properly. Module:MegascansPlugin File:Private/Utilities/MTSReader.h
[2022.06.20-03.03.57:877][  0]LogClass: Display: 11 Uninitialized script struct members found including 0 object properties
[2022.06.20-03.03.57:879][  0]LogEngine: Initializing Engine...
[2022.06.20-03.03.57:882][  0]LogHMD: Failed to enumerate extensions. Please check that you have a valid OpenXR runtime installed.
[2022.06.20-03.03.57:882][  0]LogHMD: Failed to initialize OpenVR with code 110
[2022.06.20-03.03.57:883][  0]LogMagicLeap: Warning: VR disabled because ZI is not enabled.  To enable, in the editor, Edit -> Project Settings -> Plugins -> Magic Leap Plugin -> Enable Zero Iteration
[2022.06.20-03.03.57:884][  0]LogStats: UGameplayTagsManager::InitializeManager -  0.000 s
[2022.06.20-03.03.58:048][  0]LogInit: Initializing FReadOnlyCVARCache
[2022.06.20-03.03.58:059][  0]LogAIModule: Creating AISystem for world Untitled
[2022.06.20-03.03.58:060][  0]LogAudio: Display: Initializing Audio Device Manager...
[2022.06.20-03.03.58:064][  0]LogAudio: Display: Loading Default Audio Settings Objects...
[2022.06.20-03.03.58:065][  0]LogAudio: Display: No default SoundConcurrencyObject specified (or failed to load).
[2022.06.20-03.03.58:065][  0]LogAudio: Display: Audio Device Manager Initialized
[2022.06.20-03.03.58:065][  0]LogAudio: Display: Creating Audio Device:                 Id: 1, Scope: Shared, Realtime: True
[2022.06.20-03.03.58:065][  0]LogAudioMixer: Display: Audio Mixer Platform Settings:
[2022.06.20-03.03.58:065][  0]LogAudioMixer: Display: 	Sample Rate:						  48000
[2022.06.20-03.03.58:065][  0]LogAudioMixer: Display: 	Callback Buffer Frame Size Requested: 1024
[2022.06.20-03.03.58:065][  0]LogAudioMixer: Display: 	Callback Buffer Frame Size To Use:	  1024
[2022.06.20-03.03.58:065][  0]LogAudioMixer: Display: 	Number of buffers to queue:			  2
[2022.06.20-03.03.58:065][  0]LogAudioMixer: Display: 	Max Channels (voices):				  32
[2022.06.20-03.03.58:065][  0]LogAudioMixer: Display: 	Number of Async Source Workers:		  0
[2022.06.20-03.03.58:065][  0]LogAudio: Display: AudioDevice MaxSources: 32
[2022.06.20-03.03.58:066][  0]LogAudio: Display: Audio Spatialization Plugin: None (built-in).
[2022.06.20-03.03.58:066][  0]LogAudio: Display: Audio Reverb Plugin: None (built-in).
[2022.06.20-03.03.58:066][  0]LogAudio: Display: Audio Occlusion Plugin: None (built-in).
[2022.06.20-03.03.58:066][  0]LogAudioMixer: Display: Initializing audio mixer.
[2022.06.20-03.03.58:078][  0]LogAudioMixer: Display: 0: FrontLeft
[2022.06.20-03.03.58:078][  0]LogAudioMixer: Display: 1: FrontRight
[2022.06.20-03.03.58:103][  0]LogAudioMixer: Display: Using Audio Device Speakers (Realtek High Definition Audio)
[2022.06.20-03.03.58:107][  0]LogAudioMixer: Display: Initializing Sound Submixes...
[2022.06.20-03.03.58:111][  0]LogAudioMixer: Display: Creating Master Submix 'MasterSubmixDefault'
[2022.06.20-03.03.58:111][  0]LogAudioMixer: Display: Creating Master Submix 'MasterReverbSubmixDefault'
[2022.06.20-03.03.58:113][  0]LogAudioMixer: Display: Creating Master Submix 'MasterEQSubmixDefault'
[2022.06.20-03.03.58:113][  0]LogAudioMixer: FMixerPlatformXAudio2::StartAudioStream() called
[2022.06.20-03.03.58:113][  0]LogAudioMixer: Display: Output buffers initialized: Frames=1024, Channels=2, Samples=2048
[2022.06.20-03.03.58:115][  0]LogAudioMixer: Display: Starting AudioMixerPlatformInterface::RunInternal()
[2022.06.20-03.03.58:115][  0]LogAudioMixer: Display: FMixerPlatformXAudio2::SubmitBuffer() called for the first time
[2022.06.20-03.03.58:115][  0]LogInit: FAudioDevice initialized.
[2022.06.20-03.03.58:115][  0]LogAudio: Display: Audio Device (ID: 1) registered with world 'Untitled'.
[2022.06.20-03.03.58:115][  0]LogNetVersion: Set ProjectVersion to 1.0.0.0. Version Checksum will be recalculated on next use.
[2022.06.20-03.03.58:388][  0]LogDerivedDataCache: Saved boot cache 0.27s 94MB C:/Users/nilse/AppData/Local/UnrealEngine/4.27/DerivedDataCache/Boot.ddc.
[2022.06.20-03.03.58:389][  0]LogInit: Texture streaming: Enabled
[2022.06.20-03.03.58:404][  0]LogAnalytics: Display: [UEEditor.Rocket.Release] APIServer = https://datarouter.ol.epicgames.com/. AppVersion = 4.27.2-18319896+++UE4+Release-4.27
[2022.06.20-03.03.58:408][  0]LogEngineSessionManager: EngineSessionManager initialized
[2022.06.20-03.03.58:409][  0]LogEditorSessionSummary: Verbose: Initializing EditorSessionSummaryWriter for editor session tracking
[2022.06.20-03.03.58:410][  0]LogEditorSessionSummary: EditorSessionSummaryWriter initialized
[2022.06.20-03.03.58:449][  0]LogInit: Transaction tracking system initialized
[2022.06.20-03.03.58:480][  0]BlueprintLog: New page: Editor Load
[2022.06.20-03.03.58:563][  0]LocalizationService: Localization service is disabled
[2022.06.20-03.03.58:592][  0]TimingProfiler: Initialize
[2022.06.20-03.03.58:592][  0]TimingProfiler: OnSessionChanged
[2022.06.20-03.03.58:592][  0]LoadingProfiler: Initialize
[2022.06.20-03.03.58:592][  0]LoadingProfiler: OnSessionChanged
[2022.06.20-03.03.58:592][  0]NetworkingProfiler: Initialize
[2022.06.20-03.03.58:592][  0]NetworkingProfiler: OnSessionChanged
[2022.06.20-03.03.58:592][  0]MemoryProfiler: Initialize
[2022.06.20-03.03.58:592][  0]MemoryProfiler: OnSessionChanged
[2022.06.20-03.03.58:773][  0]LogCook: Display: CookSettings for Memory: MemoryMaxUsedVirtual 0MiB, MemoryMaxUsedPhysical 16384MiB, MemoryMinFreeVirtual 0MiB, MemoryMinFreePhysical 1024MiB
[2022.06.20-03.03.58:773][  0]LogCook: Display: Mobile HDR setting 1
[2022.06.20-03.03.58:787][  0]LogFileCache: Scanning file cache for directory 'E:/MarketingProject/FrankenMech/FrankenMechGame/Content/' took 0.00s
[2022.06.20-03.03.58:787][  0]LogLinker: Warning: [AssetLog] E:\UE4\UE_4.27\Engine\Content\BasicShapes\Plane.uasset: Failed to load '/Game/Assets/Plane': Can't find file.
[2022.06.20-03.03.58:787][  0]LogLinker: Warning: [AssetLog] E:\UE4\UE_4.27\Engine\Content\BasicShapes\Plane.uasset: Failed to load '/Game/Assets/Plane': Can't find file.
[2022.06.20-03.03.58:787][  0]LogLinker: Warning: [AssetLog] E:\UE4\UE_4.27\Engine\Content\BasicShapes\Plane.uasset: Failed to load '/Game/Assets/Plane': Can't find file.
[2022.06.20-03.03.58:787][  0]LogLinker: Warning: [AssetLog] E:\UE4\UE_4.27\Engine\Content\BasicShapes\Plane.uasset: Failed to load '/Game/Assets/Plane': Can't find file.
[2022.06.20-03.03.58:787][  0]LoadErrors: Failed to load /Game/Assets/Plane.Plane Referenced by Plane
[2022.06.20-03.03.58:788][  0]LogUObjectGlobals: Warning: Failed to find object 'StaticMesh /Engine/BasicShapes/Plane.Plane'
[2022.06.20-03.03.59:226][  0]LogInit: Display: Engine is initialized. Leaving FEngineLoop::Init()
[2022.06.20-03.03.59:230][  0]SourceControl: Source control is disabled
[2022.06.20-03.03.59:230][  0]LogUnrealEdMisc: Loading editor; pre map load, took 9.886
[2022.06.20-03.03.59:230][  0]Cmd: MAP LOAD FILE="../../../Engine/Content/Maps/Templates/Template_Default.umap" TEMPLATE=1 SHOWPROGRESS=1 FEATURELEVEL=3
[2022.06.20-03.03.59:231][  0]LightingResults: New page: Lighting Build
[2022.06.20-03.03.59:232][  0]LogWorld: UWorld::CleanupWorld for Untitled, bSessionEnded=true, bCleanupResources=true
[2022.06.20-03.03.59:232][  0]LogSlate: InvalidateAllWidgets triggered.  All widgets were invalidated
[2022.06.20-03.03.59:233][  0]MapCheck: New page: Map Check
[2022.06.20-03.03.59:233][  0]LightingResults: New page: Lighting Build
[2022.06.20-03.03.59:242][  0]LogAudio: Display: Audio Device unregistered from world 'None'.
[2022.06.20-03.03.59:246][  0]LogUObjectHash: Compacting FUObjectHashTables data took   1.10ms
[2022.06.20-03.03.59:316][  0]LogTexture: Display: Building textures: DeprecatedTextureEB9CBE3C423008B5E8E130901E171C89 (BGRA8, 128X128)
[2022.06.20-03.03.59:327][  0]LogAudio: Display: Audio Device (ID: 1) registered with world 'Untitled_1'.
[2022.06.20-03.03.59:328][  0]LogAIModule: Creating AISystem for world Untitled_1
[2022.06.20-03.03.59:333][  0]LogEditorServer: Finished looking for orphan Actors (0.000 secs)
[2022.06.20-03.03.59:339][  0]LogUObjectHash: Compacting FUObjectHashTables data took   1.01ms
[2022.06.20-03.03.59:340][  0]Cmd: MAP CHECKDEP NOCLEARLOG
[2022.06.20-03.03.59:340][  0]MapCheck: Map check complete: 0 Error(s), 0 Warning(s), took 0.156ms to complete.
[2022.06.20-03.03.59:340][  0]LogFileHelpers: Loading map 'Template_Default' took 0.110
[2022.06.20-03.03.59:342][  0]LogUnrealEdMisc: Total Editor Startup Time, took 9.998
[2022.06.20-03.03.59:477][  0]LogSlate: Updating window title bar state: overlay mode, drag disabled, window buttons hidden, title bar hidden
[2022.06.20-03.03.59:485][  0]LogSlate: Updating window title bar state: overlay mode, drag disabled, window buttons hidden, title bar hidden
[2022.06.20-03.03.59:493][  0]LogSlate: Updating window title bar state: overlay mode, drag disabled, window buttons hidden, title bar hidden
[2022.06.20-03.03.59:501][  0]LogSlate: Updating window title bar state: overlay mode, drag disabled, window buttons hidden, title bar hidden
[2022.06.20-03.03.59:520][  0]LogNativeClassHierarchy: Verbose: Native class hierarchy populated in 0.0133 seconds. Added 3833 classes and 935 folders.
[2022.06.20-03.03.59:525][  0]LogNativeClassHierarchy: Verbose: Native class hierarchy updated for 'WidgetCarousel' in 0.0003 seconds. Added 0 classes and 0 folders.
[2022.06.20-03.03.59:527][  0]LogPakFile: PakFile PrimaryIndexSize=187
[2022.06.20-03.03.59:527][  0]LogPakFile: PakFile PathHashIndexSize=101
[2022.06.20-03.03.59:527][  0]LogPakFile: PakFile FullDirectoryIndexSize=148
[2022.06.20-03.03.59:527][  0]LogShaderLibrary: Display: ShaderCodeLibraryPakFileMountedCallback: PakFile 'E:/UE4/UE_4.27/FeaturePacks/FP_FirstPerson.upack' (chunk index -1, root 'root:/') mounted
[2022.06.20-03.03.59:527][  0]LogShaderLibrary: Display: ShaderCodeLibraryPakFileMountedCallback: pending pak file info (ChunkID:-1 Root:root:/ File:E:/UE4/UE_4.27/FeaturePacks/FP_FirstPerson.upack)
[2022.06.20-03.03.59:527][  0]LogPakFile: OnPakFileMounted2Time == 0.000071
[2022.06.20-03.03.59:528][  0]LogPakFile: PakFile PrimaryIndexSize=189
[2022.06.20-03.03.59:528][  0]LogPakFile: PakFile PathHashIndexSize=101
[2022.06.20-03.03.59:528][  0]LogPakFile: PakFile FullDirectoryIndexSize=152
[2022.06.20-03.03.59:528][  0]LogShaderLibrary: Display: ShaderCodeLibraryPakFileMountedCallback: PakFile 'E:/UE4/UE_4.27/FeaturePacks/FP_FirstPersonBP.upack' (chunk index -1, root 'root:/') mounted
[2022.06.20-03.03.59:528][  0]LogShaderLibrary: Display: ShaderCodeLibraryPakFileMountedCallback: pending pak file info (ChunkID:-1 Root:root:/ File:E:/UE4/UE_4.27/FeaturePacks/FP_FirstPersonBP.upack)
[2022.06.20-03.03.59:528][  0]LogPakFile: OnPakFileMounted2Time == 0.000047
[2022.06.20-03.03.59:530][  0]LogPakFile: PakFile PrimaryIndexSize=191
[2022.06.20-03.03.59:530][  0]LogPakFile: PakFile PathHashIndexSize=101
[2022.06.20-03.03.59:530][  0]LogPakFile: PakFile FullDirectoryIndexSize=160
[2022.06.20-03.03.59:530][  0]LogShaderLibrary: Display: ShaderCodeLibraryPakFileMountedCallback: PakFile 'E:/UE4/UE_4.27/FeaturePacks/MobileStarterContent.upack' (chunk index -1, root 'root:/') mounted
[2022.06.20-03.03.59:530][  0]LogShaderLibrary: Display: ShaderCodeLibraryPakFileMountedCallback: pending pak file info (ChunkID:-1 Root:root:/ File:E:/UE4/UE_4.27/FeaturePacks/MobileStarterContent.upack)
[2022.06.20-03.03.59:530][  0]LogPakFile: OnPakFileMounted2Time == 0.000040
[2022.06.20-03.03.59:531][  0]LogPakFile: PakFile PrimaryIndexSize=185
[2022.06.20-03.03.59:531][  0]LogPakFile: PakFile PathHashIndexSize=101
[2022.06.20-03.03.59:531][  0]LogPakFile: PakFile FullDirectoryIndexSize=148
[2022.06.20-03.03.59:531][  0]LogShaderLibrary: Display: ShaderCodeLibraryPakFileMountedCallback: PakFile 'E:/UE4/UE_4.27/FeaturePacks/StarterContent.upack' (chunk index -1, root 'root:/') mounted
[2022.06.20-03.03.59:531][  0]LogShaderLibrary: Display: ShaderCodeLibraryPakFileMountedCallback: pending pak file info (ChunkID:-1 Root:root:/ File:E:/UE4/UE_4.27/FeaturePacks/StarterContent.upack)
[2022.06.20-03.03.59:531][  0]LogPakFile: OnPakFileMounted2Time == 0.000042
[2022.06.20-03.03.59:532][  0]LogPakFile: PakFile PrimaryIndexSize=190
[2022.06.20-03.03.59:532][  0]LogPakFile: PakFile PathHashIndexSize=101
[2022.06.20-03.03.59:532][  0]LogPakFile: PakFile FullDirectoryIndexSize=154
[2022.06.20-03.03.59:532][  0]LogShaderLibrary: Display: ShaderCodeLibraryPakFileMountedCallback: PakFile 'E:/UE4/UE_4.27/FeaturePacks/TP_2DSideScroller.upack' (chunk index -1, root 'root:/') mounted
[2022.06.20-03.03.59:532][  0]LogShaderLibrary: Display: ShaderCodeLibraryPakFileMountedCallback: pending pak file info (ChunkID:-1 Root:root:/ File:E:/UE4/UE_4.27/FeaturePacks/TP_2DSideScroller.upack)
[2022.06.20-03.03.59:532][  0]LogPakFile: OnPakFileMounted2Time == 0.000043
[2022.06.20-03.03.59:533][  0]LogPakFile: PakFile PrimaryIndexSize=192
[2022.06.20-03.03.59:533][  0]LogPakFile: PakFile PathHashIndexSize=101
[2022.06.20-03.03.59:533][  0]LogPakFile: PakFile FullDirectoryIndexSize=158
[2022.06.20-03.03.59:533][  0]LogShaderLibrary: Display: ShaderCodeLibraryPakFileMountedCallback: PakFile 'E:/UE4/UE_4.27/FeaturePacks/TP_2DSideScrollerBP.upack' (chunk index -1, root 'root:/') mounted
[2022.06.20-03.03.59:533][  0]LogShaderLibrary: Display: ShaderCodeLibraryPakFileMountedCallback: pending pak file info (ChunkID:-1 Root:root:/ File:E:/UE4/UE_4.27/FeaturePacks/TP_2DSideScrollerBP.upack)
[2022.06.20-03.03.59:533][  0]LogPakFile: OnPakFileMounted2Time == 0.000039
[2022.06.20-03.03.59:534][  0]LogPakFile: PakFile PrimaryIndexSize=182
[2022.06.20-03.03.59:534][  0]LogPakFile: PakFile PathHashIndexSize=101
[2022.06.20-03.03.59:534][  0]LogPakFile: PakFile FullDirectoryIndexSize=138
[2022.06.20-03.03.59:534][  0]LogShaderLibrary: Display: ShaderCodeLibraryPakFileMountedCallback: PakFile 'E:/UE4/UE_4.27/FeaturePacks/TP_Flying.upack' (chunk index -1, root 'root:/') mounted
[2022.06.20-03.03.59:534][  0]LogShaderLibrary: Display: ShaderCodeLibraryPakFileMountedCallback: pending pak file info (ChunkID:-1 Root:root:/ File:E:/UE4/UE_4.27/FeaturePacks/TP_Flying.upack)
[2022.06.20-03.03.59:534][  0]LogPakFile: OnPakFileMounted2Time == 0.000040
[2022.06.20-03.03.59:535][  0]LogPakFile: PakFile PrimaryIndexSize=184
[2022.06.20-03.03.59:535][  0]LogPakFile: PakFile PathHashIndexSize=101
[2022.06.20-03.03.59:535][  0]LogPakFile: PakFile FullDirectoryIndexSize=142
[2022.06.20-03.03.59:535][  0]LogShaderLibrary: Display: ShaderCodeLibraryPakFileMountedCallback: PakFile 'E:/UE4/UE_4.27/FeaturePacks/TP_FlyingBP.upack' (chunk index -1, root 'root:/') mounted
[2022.06.20-03.03.59:535][  0]LogShaderLibrary: Display: ShaderCodeLibraryPakFileMountedCallback: pending pak file info (ChunkID:-1 Root:root:/ File:E:/UE4/UE_4.27/FeaturePacks/TP_FlyingBP.upack)
[2022.06.20-03.03.59:535][  0]LogPakFile: OnPakFileMounted2Time == 0.000039
[2022.06.20-03.03.59:536][  0]LogPakFile: PakFile PrimaryIndexSize=188
[2022.06.20-03.03.59:536][  0]LogPakFile: PakFile PathHashIndexSize=101
[2022.06.20-03.03.59:536][  0]LogPakFile: PakFile FullDirectoryIndexSize=150
[2022.06.20-03.03.59:536][  0]LogShaderLibrary: Display: ShaderCodeLibraryPakFileMountedCallback: PakFile 'E:/UE4/UE_4.27/FeaturePacks/TP_HandheldARBP.upack' (chunk index -1, root 'root:/') mounted
[2022.06.20-03.03.59:536][  0]LogShaderLibrary: Display: ShaderCodeLibraryPakFileMountedCallback: pending pak file info (ChunkID:-1 Root:root:/ File:E:/UE4/UE_4.27/FeaturePacks/TP_HandheldARBP.upack)
[2022.06.20-03.03.59:536][  0]LogPakFile: OnPakFileMounted2Time == 0.000039
[2022.06.20-03.03.59:537][  0]LogPakFile: PakFile PrimaryIndexSize=182
[2022.06.20-03.03.59:537][  0]LogPakFile: PakFile PathHashIndexSize=101
[2022.06.20-03.03.59:537][  0]LogPakFile: PakFile FullDirectoryIndexSize=138
[2022.06.20-03.03.59:537][  0]LogShaderLibrary: Display: ShaderCodeLibraryPakFileMountedCallback: PakFile 'E:/UE4/UE_4.27/FeaturePacks/TP_Puzzle.upack' (chunk index -1, root 'root:/') mounted
[2022.06.20-03.03.59:537][  0]LogShaderLibrary: Display: ShaderCodeLibraryPakFileMountedCallback: pending pak file info (ChunkID:-1 Root:root:/ File:E:/UE4/UE_4.27/FeaturePacks/TP_Puzzle.upack)
[2022.06.20-03.03.59:537][  0]LogPakFile: OnPakFileMounted2Time == 0.000039
[2022.06.20-03.03.59:539][  0]LogPakFile: PakFile PrimaryIndexSize=184
[2022.06.20-03.03.59:539][  0]LogPakFile: PakFile PathHashIndexSize=101
[2022.06.20-03.03.59:539][  0]LogPakFile: PakFile FullDirectoryIndexSize=142
[2022.06.20-03.03.59:539][  0]LogShaderLibrary: Display: ShaderCodeLibraryPakFileMountedCallback: PakFile 'E:/UE4/UE_4.27/FeaturePacks/TP_PuzzleBP.upack' (chunk index -1, root 'root:/') mounted
[2022.06.20-03.03.59:539][  0]LogShaderLibrary: Display: ShaderCodeLibraryPakFileMountedCallback: pending pak file info (ChunkID:-1 Root:root:/ File:E:/UE4/UE_4.27/FeaturePacks/TP_PuzzleBP.upack)
[2022.06.20-03.03.59:539][  0]LogPakFile: OnPakFileMounted2Time == 0.000045
[2022.06.20-03.03.59:540][  0]LogPakFile: PakFile PrimaryIndexSize=183
[2022.06.20-03.03.59:540][  0]LogPakFile: PakFile PathHashIndexSize=101
[2022.06.20-03.03.59:540][  0]LogPakFile: PakFile FullDirectoryIndexSize=140
[2022.06.20-03.03.59:540][  0]LogShaderLibrary: Display: ShaderCodeLibraryPakFileMountedCallback: PakFile 'E:/UE4/UE_4.27/FeaturePacks/TP_Rolling.upack' (chunk index -1, root 'root:/') mounted
[2022.06.20-03.03.59:540][  0]LogShaderLibrary: Display: ShaderCodeLibraryPakFileMountedCallback: pending pak file info (ChunkID:-1 Root:root:/ File:E:/UE4/UE_4.27/FeaturePacks/TP_Rolling.upack)
[2022.06.20-03.03.59:540][  0]LogPakFile: OnPakFileMounted2Time == 0.000040
[2022.06.20-03.03.59:541][  0]LogPakFile: PakFile PrimaryIndexSize=185
[2022.06.20-03.03.59:541][  0]LogPakFile: PakFile PathHashIndexSize=101
[2022.06.20-03.03.59:541][  0]LogPakFile: PakFile FullDirectoryIndexSize=144
[2022.06.20-03.03.59:541][  0]LogShaderLibrary: Display: ShaderCodeLibraryPakFileMountedCallback: PakFile 'E:/UE4/UE_4.27/FeaturePacks/TP_RollingBP.upack' (chunk index -1, root 'root:/') mounted
[2022.06.20-03.03.59:541][  0]LogShaderLibrary: Display: ShaderCodeLibraryPakFileMountedCallback: pending pak file info (ChunkID:-1 Root:root:/ File:E:/UE4/UE_4.27/FeaturePacks/TP_RollingBP.upack)
[2022.06.20-03.03.59:541][  0]LogPakFile: OnPakFileMounted2Time == 0.000039
[2022.06.20-03.03.59:542][  0]LogPakFile: PakFile PrimaryIndexSize=188
[2022.06.20-03.03.59:542][  0]LogPakFile: PakFile PathHashIndexSize=101
[2022.06.20-03.03.59:542][  0]LogPakFile: PakFile FullDirectoryIndexSize=150
[2022.06.20-03.03.59:542][  0]LogShaderLibrary: Display: ShaderCodeLibraryPakFileMountedCallback: PakFile 'E:/UE4/UE_4.27/FeaturePacks/TP_SideScroller.upack' (chunk index -1, root 'root:/') mounted
[2022.06.20-03.03.59:542][  0]LogShaderLibrary: Display: ShaderCodeLibraryPakFileMountedCallback: pending pak file info (ChunkID:-1 Root:root:/ File:E:/UE4/UE_4.27/FeaturePacks/TP_SideScroller.upack)
[2022.06.20-03.03.59:542][  0]LogPakFile: OnPakFileMounted2Time == 0.000040
[2022.06.20-03.03.59:543][  0]LogPakFile: PakFile PrimaryIndexSize=190
[2022.06.20-03.03.59:543][  0]LogPakFile: PakFile PathHashIndexSize=101
[2022.06.20-03.03.59:543][  0]LogPakFile: PakFile FullDirectoryIndexSize=154
[2022.06.20-03.03.59:543][  0]LogShaderLibrary: Display: ShaderCodeLibraryPakFileMountedCallback: PakFile 'E:/UE4/UE_4.27/FeaturePacks/TP_SideScrollerBP.upack' (chunk index -1, root 'root:/') mounted
[2022.06.20-03.03.59:543][  0]LogShaderLibrary: Display: ShaderCodeLibraryPakFileMountedCallback: pending pak file info (ChunkID:-1 Root:root:/ File:E:/UE4/UE_4.27/FeaturePacks/TP_SideScrollerBP.upack)
[2022.06.20-03.03.59:543][  0]LogPakFile: OnPakFileMounted2Time == 0.000039
[2022.06.20-03.03.59:544][  0]LogPakFile: PakFile PrimaryIndexSize=187
[2022.06.20-03.03.59:544][  0]LogPakFile: PakFile PathHashIndexSize=101
[2022.06.20-03.03.59:544][  0]LogPakFile: PakFile FullDirectoryIndexSize=148
[2022.06.20-03.03.59:544][  0]LogShaderLibrary: Display: ShaderCodeLibraryPakFileMountedCallback: PakFile 'E:/UE4/UE_4.27/FeaturePacks/TP_ThirdPerson.upack' (chunk index -1, root 'root:/') mounted
[2022.06.20-03.03.59:544][  0]LogShaderLibrary: Display: ShaderCodeLibraryPakFileMountedCallback: pending pak file info (ChunkID:-1 Root:root:/ File:E:/UE4/UE_4.27/FeaturePacks/TP_ThirdPerson.upack)
[2022.06.20-03.03.59:544][  0]LogPakFile: OnPakFileMounted2Time == 0.000039
[2022.06.20-03.03.59:545][  0]LogPakFile: PakFile PrimaryIndexSize=189
[2022.06.20-03.03.59:545][  0]LogPakFile: PakFile PathHashIndexSize=101
[2022.06.20-03.03.59:545][  0]LogPakFile: PakFile FullDirectoryIndexSize=152
[2022.06.20-03.03.59:545][  0]LogShaderLibrary: Display: ShaderCodeLibraryPakFileMountedCallback: PakFile 'E:/UE4/UE_4.27/FeaturePacks/TP_ThirdPersonBP.upack' (chunk index -1, root 'root:/') mounted
[2022.06.20-03.03.59:545][  0]LogShaderLibrary: Display: ShaderCodeLibraryPakFileMountedCallback: pending pak file info (ChunkID:-1 Root:root:/ File:E:/UE4/UE_4.27/FeaturePacks/TP_ThirdPersonBP.upack)
[2022.06.20-03.03.59:545][  0]LogPakFile: OnPakFileMounted2Time == 0.000039
[2022.06.20-03.03.59:547][  0]LogPakFile: PakFile PrimaryIndexSize=183
[2022.06.20-03.03.59:547][  0]LogPakFile: PakFile PathHashIndexSize=101
[2022.06.20-03.03.59:547][  0]LogPakFile: PakFile FullDirectoryIndexSize=140
[2022.06.20-03.03.59:547][  0]LogShaderLibrary: Display: ShaderCodeLibraryPakFileMountedCallback: PakFile 'E:/UE4/UE_4.27/FeaturePacks/TP_TopDown.upack' (chunk index -1, root 'root:/') mounted
[2022.06.20-03.03.59:547][  0]LogShaderLibrary: Display: ShaderCodeLibraryPakFileMountedCallback: pending pak file info (ChunkID:-1 Root:root:/ File:E:/UE4/UE_4.27/FeaturePacks/TP_TopDown.upack)
[2022.06.20-03.03.59:547][  0]LogPakFile: OnPakFileMounted2Time == 0.000062
[2022.06.20-03.03.59:548][  0]LogPakFile: PakFile PrimaryIndexSize=185
[2022.06.20-03.03.59:548][  0]LogPakFile: PakFile PathHashIndexSize=101
[2022.06.20-03.03.59:548][  0]LogPakFile: PakFile FullDirectoryIndexSize=144
[2022.06.20-03.03.59:548][  0]LogShaderLibrary: Display: ShaderCodeLibraryPakFileMountedCallback: PakFile 'E:/UE4/UE_4.27/FeaturePacks/TP_TopDownBP.upack' (chunk index -1, root 'root:/') mounted
[2022.06.20-03.03.59:548][  0]LogShaderLibrary: Display: ShaderCodeLibraryPakFileMountedCallback: pending pak file info (ChunkID:-1 Root:root:/ File:E:/UE4/UE_4.27/FeaturePacks/TP_TopDownBP.upack)
[2022.06.20-03.03.59:548][  0]LogPakFile: OnPakFileMounted2Time == 0.000044
[2022.06.20-03.03.59:549][  0]LogPakFile: PakFile PrimaryIndexSize=185
[2022.06.20-03.03.59:549][  0]LogPakFile: PakFile PathHashIndexSize=101
[2022.06.20-03.03.59:549][  0]LogPakFile: PakFile FullDirectoryIndexSize=144
[2022.06.20-03.03.59:549][  0]LogShaderLibrary: Display: ShaderCodeLibraryPakFileMountedCallback: PakFile 'E:/UE4/UE_4.27/FeaturePacks/TP_TwinStick.upack' (chunk index -1, root 'root:/') mounted
[2022.06.20-03.03.59:549][  0]LogShaderLibrary: Display: ShaderCodeLibraryPakFileMountedCallback: pending pak file info (ChunkID:-1 Root:root:/ File:E:/UE4/UE_4.27/FeaturePacks/TP_TwinStick.upack)
[2022.06.20-03.03.59:549][  0]LogPakFile: OnPakFileMounted2Time == 0.000046
[2022.06.20-03.03.59:550][  0]LogPakFile: PakFile PrimaryIndexSize=187
[2022.06.20-03.03.59:550][  0]LogPakFile: PakFile PathHashIndexSize=101
[2022.06.20-03.03.59:550][  0]LogPakFile: PakFile FullDirectoryIndexSize=148
[2022.06.20-03.03.59:550][  0]LogShaderLibrary: Display: ShaderCodeLibraryPakFileMountedCallback: PakFile 'E:/UE4/UE_4.27/FeaturePacks/TP_TwinStickBP.upack' (chunk index -1, root 'root:/') mounted
[2022.06.20-03.03.59:550][  0]LogShaderLibrary: Display: ShaderCodeLibraryPakFileMountedCallback: pending pak file info (ChunkID:-1 Root:root:/ File:E:/UE4/UE_4.27/FeaturePacks/TP_TwinStickBP.upack)
[2022.06.20-03.03.59:550][  0]LogPakFile: OnPakFileMounted2Time == 0.000047
[2022.06.20-03.03.59:552][  0]LogPakFile: PakFile PrimaryIndexSize=183
[2022.06.20-03.03.59:552][  0]LogPakFile: PakFile PathHashIndexSize=101
[2022.06.20-03.03.59:552][  0]LogPakFile: PakFile FullDirectoryIndexSize=140
[2022.06.20-03.03.59:552][  0]LogShaderLibrary: Display: ShaderCodeLibraryPakFileMountedCallback: PakFile 'E:/UE4/UE_4.27/FeaturePacks/TP_Vehicle.upack' (chunk index -1, root 'root:/') mounted
[2022.06.20-03.03.59:552][  0]LogShaderLibrary: Display: ShaderCodeLibraryPakFileMountedCallback: pending pak file info (ChunkID:-1 Root:root:/ File:E:/UE4/UE_4.27/FeaturePacks/TP_Vehicle.upack)
[2022.06.20-03.03.59:552][  0]LogPakFile: OnPakFileMounted2Time == 0.000045
[2022.06.20-03.03.59:553][  0]LogPakFile: PakFile PrimaryIndexSize=186
[2022.06.20-03.03.59:553][  0]LogPakFile: PakFile PathHashIndexSize=101
[2022.06.20-03.03.59:553][  0]LogPakFile: PakFile FullDirectoryIndexSize=146
[2022.06.20-03.03.59:553][  0]LogShaderLibrary: Display: ShaderCodeLibraryPakFileMountedCallback: PakFile 'E:/UE4/UE_4.27/FeaturePacks/TP_VehicleAdv.upack' (chunk index -1, root 'root:/') mounted
[2022.06.20-03.03.59:553][  0]LogShaderLibrary: Display: ShaderCodeLibraryPakFileMountedCallback: pending pak file info (ChunkID:-1 Root:root:/ File:E:/UE4/UE_4.27/FeaturePacks/TP_VehicleAdv.upack)
[2022.06.20-03.03.59:553][  0]LogPakFile: OnPakFileMounted2Time == 0.000040
[2022.06.20-03.03.59:554][  0]LogPakFile: PakFile PrimaryIndexSize=188
[2022.06.20-03.03.59:554][  0]LogPakFile: PakFile PathHashIndexSize=101
[2022.06.20-03.03.59:554][  0]LogPakFile: PakFile FullDirectoryIndexSize=150
[2022.06.20-03.03.59:554][  0]LogShaderLibrary: Display: ShaderCodeLibraryPakFileMountedCallback: PakFile 'E:/UE4/UE_4.27/FeaturePacks/TP_VehicleAdvBP.upack' (chunk index -1, root 'root:/') mounted
[2022.06.20-03.03.59:554][  0]LogShaderLibrary: Display: ShaderCodeLibraryPakFileMountedCallback: pending pak file info (ChunkID:-1 Root:root:/ File:E:/UE4/UE_4.27/FeaturePacks/TP_VehicleAdvBP.upack)
[2022.06.20-03.03.59:554][  0]LogPakFile: OnPakFileMounted2Time == 0.000039
[2022.06.20-03.03.59:555][  0]LogPakFile: PakFile PrimaryIndexSize=185
[2022.06.20-03.03.59:555][  0]LogPakFile: PakFile PathHashIndexSize=101
[2022.06.20-03.03.59:555][  0]LogPakFile: PakFile FullDirectoryIndexSize=144
[2022.06.20-03.03.59:555][  0]LogShaderLibrary: Display: ShaderCodeLibraryPakFileMountedCallback: PakFile 'E:/UE4/UE_4.27/FeaturePacks/TP_VehicleBP.upack' (chunk index -1, root 'root:/') mounted
[2022.06.20-03.03.59:555][  0]LogShaderLibrary: Display: ShaderCodeLibraryPakFileMountedCallback: pending pak file info (ChunkID:-1 Root:root:/ File:E:/UE4/UE_4.27/FeaturePacks/TP_VehicleBP.upack)
[2022.06.20-03.03.59:555][  0]LogPakFile: OnPakFileMounted2Time == 0.000051
[2022.06.20-03.03.59:556][  0]LogPakFile: PakFile PrimaryIndexSize=192
[2022.06.20-03.03.59:556][  0]LogPakFile: PakFile PathHashIndexSize=101
[2022.06.20-03.03.59:556][  0]LogPakFile: PakFile FullDirectoryIndexSize=158
[2022.06.20-03.03.59:556][  0]LogShaderLibrary: Display: ShaderCodeLibraryPakFileMountedCallback: PakFile 'E:/UE4/UE_4.27/FeaturePacks/TP_VirtualRealityBP.upack' (chunk index -1, root 'root:/') mounted
[2022.06.20-03.03.59:556][  0]LogShaderLibrary: Display: ShaderCodeLibraryPakFileMountedCallback: pending pak file info (ChunkID:-1 Root:root:/ File:E:/UE4/UE_4.27/FeaturePacks/TP_VirtualRealityBP.upack)
[2022.06.20-03.03.59:556][  0]LogPakFile: OnPakFileMounted2Time == 0.000039
[2022.06.20-03.03.59:649][  0]LogNativeClassHierarchy: Verbose: Native class hierarchy updated for 'AddContentDialog' in 0.0005 seconds. Added 0 classes and 0 folders.
[2022.06.20-03.03.59:651][  0]LogNativeClassHierarchy: Verbose: Native class hierarchy updated for 'SceneOutliner' in 0.0004 seconds. Added 2 classes and 0 folders.
[2022.06.20-03.03.59:762][  0]LogSlate: Took 0.000392 seconds to synchronously load lazily loaded font '../../../Engine/Content/Slate/Fonts/Roboto-Regular.ttf' (155K)
[2022.06.20-03.03.59:763][  0]LogSlate: Took 0.000223 seconds to synchronously load lazily loaded font '../../../Engine/Content/Editor/Slate/Fonts/FontAwesome.ttf' (139K)
[2022.06.20-03.03.59:765][  0]LogSlate: Took 0.000261 seconds to synchronously load lazily loaded font '../../../Engine/Content/Slate/Fonts/Roboto-Bold.ttf' (160K)
[2022.06.20-03.03.59:869][  0]LogRenderer: Reallocating scene render targets to support 1232x792 Format 10 NumSamples 1 (Frame:1).
[2022.06.20-03.03.59:982][  0]LogNativeClassHierarchy: Verbose: Native class hierarchy updated for 'HierarchicalLODOutliner' in 0.0004 seconds. Added 0 classes and 0 folders.
[2022.06.20-03.03.59:982][  0]LogLoad: (Engine Initialization) Total time: 10.64 seconds
[2022.06.20-03.03.59:982][  0]LogLoad: (Engine Initialization) Total Blueprint compile time: 0.00 seconds
[2022.06.20-03.04.00:002][  0]LogLinker: Warning: [AssetLog] E:\UE4\UE_4.27\Engine\Content\BasicShapes\Plane.uasset: Failed to load '/Game/Assets/Plane': Can't find file.
[2022.06.20-03.04.00:003][  0]LogLinker: Warning: [AssetLog] E:\UE4\UE_4.27\Engine\Content\BasicShapes\Plane.uasset: Failed to load '/Game/Assets/Plane': Can't find file.
[2022.06.20-03.04.00:003][  0]LogLinker: Warning: [AssetLog] E:\UE4\UE_4.27\Engine\Content\BasicShapes\Plane.uasset: Failed to load '/Game/Assets/Plane': Can't find file.
[2022.06.20-03.04.00:003][  0]LogLinker: Warning: [AssetLog] E:\UE4\UE_4.27\Engine\Content\BasicShapes\Plane.uasset: Failed to load '/Game/Assets/Plane': Can't find file.
[2022.06.20-03.04.00:003][  0]LogUObjectGlobals: Warning: Failed to find object 'StaticMesh /Engine/BasicShapes/Plane.Plane'
[2022.06.20-03.04.00:039][  0]LogAssetRegistry: Asset discovery search completed in 6.1452 seconds
[2022.06.20-03.04.00:047][  0]LogCollectionManager: Fixed up redirectors for 0 collections in 0.000005 seconds (updated 0 objects)
[2022.06.20-03.04.00:049][  0]LogContentStreaming: Texture pool size now 1000 MB
[2022.06.20-03.04.00:171][  0]LogSlate: Took 0.000294 seconds to synchronously load lazily loaded font '../../../Engine/Content/Slate/Fonts/DroidSansMono.ttf' (77K)
